\BOOKMARK [0][-]{chapter.1}{\376\377\000G\000i\036\333\000i\000\040\000t\000h\000i\036\307\000u\000\040\001\021\036\301\000\040\000t\000\340\000i}{}% 1
\BOOKMARK [1][-]{section.1.1}{\376\377\000T\036\325\000n\000g\000\040\000q\000u\000a\000n}{chapter.1}% 2
\BOOKMARK [2][-]{subsection.1.1.1}{\376\377\000B\036\321\000i\000\040\000c\036\243\000n\000h\000\040\000n\000g\000h\000i\000\352\000n\000\040\000c\036\351\000u}{section.1.1}% 3
\BOOKMARK [2][-]{subsection.1.1.2}{\376\377\000L\000\375\000\040\000d\000o\000\040\000c\000h\036\315\000n\000\040\001\021\036\301\000\040\000t\000\340\000i}{section.1.1}% 4
\BOOKMARK [2][-]{subsection.1.1.3}{\376\377\000M\036\345\000c\000\040\000t\000i\000\352\000u\000\040\000n\000g\000h\000i\000\352\000n\000\040\000c\036\351\000u}{section.1.1}% 5
\BOOKMARK [2][-]{subsection.1.1.4}{\376\377\000\335\000\040\000n\000g\000h\001\051\000a\000\040\000k\000h\000o\000a\000\040\000h\036\315\000c\000\040\000v\000\340\000\040\000t\000h\036\361\000c\000\040\000t\000i\036\305\000n}{section.1.1}% 6
\BOOKMARK [1][-]{section.1.2}{\376\377\000H\000i\036\307\000n\000\040\000t\000r\036\241\000n\000g\000\040\000n\000g\000h\000i\000\352\000n\000\040\000c\036\351\000u}{chapter.1}% 7
\BOOKMARK [2][-]{subsection.1.2.1}{\376\377\000C\000\341\000c\000\040\000h\036\307\000\040\000t\000h\036\321\000n\000g\000\040\000g\000i\000\341\000m\000\040\000s\000\341\000t\000\040\000v\000\340\000\040\001\021\000i\036\301\000u\000\040\000k\000h\000i\036\303\000n\000\040\000n\000h\000i\036\307\000t\000\040\001\021\036\331}{section.1.2}% 8
\BOOKMARK [2][-]{subsection.1.2.2}{\376\377\036\350\000n\000g\000\040\000d\036\345\000n\000g\000\040\000q\000u\000a\000n\000g\000\040\000h\036\315\000c\000\040\000t\000r\000o\000n\000g\000\040\000p\000h\000\342\000n\000\040\000t\000\355\000c\000h\000\040\000m\036\253\000u\000\040\000v\036\255\000t}{section.1.2}% 9
\BOOKMARK [2][-]{subsection.1.2.3}{\376\377\000X\000u\000\040\000h\001\260\036\333\000n\000g\000\040\000t\000\355\000c\000h\000\040\000h\036\343\000p\000\040\000h\036\307\000\040\000t\000h\036\321\000n\000g}{section.1.2}% 10
\BOOKMARK [1][-]{section.1.3}{\376\377\000P\000h\036\241\000m\000\040\000v\000i\000\040\000n\000g\000h\000i\000\352\000n\000\040\000c\036\351\000u\000\040\000v\000\340\000\040\000n\000h\000i\036\307\000m\000\040\000v\036\345}{chapter.1}% 11
\BOOKMARK [2][-]{subsection.1.3.1}{\376\377\000P\000h\036\241\000m\000\040\000v\000i\000\040\000n\000g\000h\000i\000\352\000n\000\040\000c\036\351\000u}{section.1.3}% 12
\BOOKMARK [2][-]{subsection.1.3.2}{\376\377\000N\000h\000i\036\307\000m\000\040\000v\036\345}{section.1.3}% 13
\BOOKMARK [0][-]{chapter.2}{\376\377\000C\001\241\000\040\000s\036\337\000\040\000l\000\375\000\040\000t\000h\000u\000y\036\277\000t}{}% 14
\BOOKMARK [1][-]{section.2.1}{\376\377\000N\000g\000u\000y\000\352\000n\000\040\000l\000\375\000\040\001\021\000i\036\301\000u\000\040\000k\000h\000i\036\303\000n\000\040\000n\000h\000i\036\307\000t\000\040\001\021\036\331\000\040\000t\000r\000o\000n\000g\000\040\000b\000u\036\323\000n\000g\000\040\000t\000h\000\355\000\040\000n\000g\000h\000i\036\307\000m}{chapter.2}% 15
\BOOKMARK [1][-]{section.2.2}{\376\377\000N\000g\000u\000y\000\352\000n\000\040\000l\000\375\000\040\000h\000o\036\241\000t\000\040\001\021\036\331\000n\000g\000\040\000c\036\347\000a\000\040\000l\000a\000s\000e\000r\000\040\000d\000i\000o\000d\000e\000\040\000v\000\340\000\040\000p\000h\000o\000t\000o\000\040\000d\000i\000o\000d\000e}{chapter.2}% 16
\BOOKMARK [1][-]{section.2.3}{\376\377\000N\000g\000u\000y\000\352\000n\000\040\000l\000\375\000\040\000h\036\245\000p\000\040\000t\000h\036\345\000\040\000v\000\340\000\040\000t\000\341\000n\000\040\000x\036\241\000\040\000\341\000n\000h\000\040\000s\000\341\000n\000g}{chapter.2}% 17
\BOOKMARK [0][-]{chapter.3}{\376\377\000T\000h\000i\036\277\000t\000\040\000k\036\277\000\040\000v\000\340\000\040\000t\000h\036\361\000c\000\040\000h\000i\036\307\000n\000\040\000p\000h\036\247\000n\000\040\000c\036\351\000n\000g}{}% 18
\BOOKMARK [1][-]{section.3.1}{\376\377\000Y\000\352\000u\000\040\000c\036\247\000u\000\040\000t\000h\000i\036\277\000t\000\040\000k\036\277}{chapter.3}% 19
\BOOKMARK [1][-]{section.3.2}{\376\377\000P\000h\000\342\000n\000\040\000t\000\355\000c\000h\000\040\000y\000\352\000u\000\040\000c\036\247\000u\000\040\000t\000h\000i\036\277\000t\000\040\000k\036\277}{chapter.3}% 20
\BOOKMARK [1][-]{section.3.3}{\376\377\000S\001\241\000\040\001\021\036\323\000\040\000k\000h\036\321\000i\000\040\000t\036\325\000n\000g\000\040\000q\000u\000\341\000t}{chapter.3}% 21
\BOOKMARK [1][-]{section.3.4}{\376\377\000S\001\241\000\040\001\021\036\323\000\040\000k\000h\036\321\000i\000\040\000c\000h\000i\000\040\000t\000i\036\277\000t}{chapter.3}% 22
\BOOKMARK [2][-]{subsection.3.4.1}{\376\377\000B\000o\000\040\001\021\000i\036\301\000u\000\040\000k\000h\000i\036\303\000n\000\040\000t\000r\000u\000n\000g\000\040\000t\000\342\000m\000\040\000-\000\040\000O\000B\000C}{section.3.4}% 23
\BOOKMARK [2][-]{subsection.3.4.2}{\376\377\000B\000o\000\040\001\021\000i\036\301\000u\000\040\000k\000h\000i\036\303\000n\000\040\000t\000h\000\355\000\040\000n\000g\000h\000i\036\307\000m\000\040\000-\000\040\000E\000X\000P}{section.3.4}% 24
\BOOKMARK [2][-]{subsection.3.4.3}{\376\377\000B\000o\000\040\000L\000a\000s\000e\000r}{section.3.4}% 25
\BOOKMARK [2][-]{subsection.3.4.4}{\376\377\000B\000o\000\040\000P\000h\000o\000t\000o}{section.3.4}% 26
\BOOKMARK [1][-]{section.3.5}{\376\377\000S\001\241\000\040\001\021\036\323\000\040\000n\000g\000u\000y\000\352\000n\000\040\000l\000\375}{chapter.3}% 27
\BOOKMARK [2][-]{subsection.3.5.1}{\376\377\000B\000o\000\040\001\021\000i\036\301\000u\000\040\000k\000h\000i\036\303\000n\000\040\000t\000r\000u\000n\000g\000\040\000t\000\342\000m\000\040\000-\000\040\000O\000B\000C}{section.3.5}% 28
\BOOKMARK [2][-]{subsection.3.5.2}{\376\377\000B\000o\000\040\001\021\000i\036\301\000u\000\040\000k\000h\000i\036\303\000n\000\040\000t\000h\000\355\000\040\000n\000g\000h\000i\036\307\000m\000\040\000-\000\040\000E\000X\000P}{section.3.5}% 29
\BOOKMARK [2][-]{subsection.3.5.3}{\376\377\000B\000o\000\040\000L\000a\000s\000e\000r}{section.3.5}% 30
\BOOKMARK [2][-]{subsection.3.5.4}{\376\377\000B\000o\000\040\000P\000h\000o\000t\000o}{section.3.5}% 31
\BOOKMARK [0][-]{chapter.4}{\376\377\000T\000h\000i\036\277\000t\000\040\000k\036\277\000\040\000v\000\340\000\040\000t\000h\036\361\000c\000\040\000h\000i\036\307\000n\000\040\000f\000i\000r\000m\000w\000a\000r\000e}{}% 32
\BOOKMARK [1][-]{section.4.1}{\376\377\000Y\000\352\000u\000\040\000c\036\247\000u\000\040\000c\000h\000u\000n\000g\000\040\000c\000h\000o\000\040\000f\000i\000r\000m\000w\000a\000r\000e}{chapter.4}% 33
\BOOKMARK [1][-]{section.4.2}{\376\377\000L\001\260\000u\000\040\001\021\036\323\000\040\000g\000i\036\243\000i\000\040\000t\000h\000u\036\255\000t}{chapter.4}% 34
\BOOKMARK [2][-]{subsection.4.2.1}{\376\377\000B\000o\000\040\001\021\000i\036\301\000u\000\040\000k\000h\000i\036\303\000n\000\040\000t\000r\000u\000n\000g\000\040\000t\000\342\000m\000\040\000-\000\040\000O\000B\000C}{section.4.2}% 35
\BOOKMARK [2][-]{subsection.4.2.2}{\376\377\000B\000o\000\040\001\021\000i\036\301\000u\000\040\000k\000h\000i\036\303\000n\000\040\000t\000h\000\355\000\040\000n\000g\000h\000i\036\307\000m\000\040\040\023\000\040\000E\000X\000P}{section.4.2}% 36
\BOOKMARK [2][-]{subsection.4.2.3}{\376\377\000B\036\257\000t\000\040\000t\000a\000y\000\040\000g\000i\036\357\000a\000\040\000O\000B\000C\000\040\000v\000\340\000\040\000E\000X\000P\000\040\000k\000h\000i\000\040\000t\000r\000u\000y\036\301\000n\000\040\000S\000P\000I}{section.4.2}% 37
\BOOKMARK [0][-]{chapter.5}{\376\377\000T\000h\000i\036\277\000t\000\040\000k\036\277\000\040\000p\000h\036\247\000n\000\040\000m\036\301\000m\000\040\000-\000\040\000G\000i\000a\000o\000\040\000d\000i\036\307\000n\000\040\000n\000g\001\260\036\335\000i\000\040\000d\000\371\000n\000g\000\040\000\050\000G\000U\000I\000\051}{}% 38
\BOOKMARK [1][-]{section.5.1}{\376\377\000G\000i\036\333\000i\000\040\000t\000h\000i\036\307\000u}{chapter.5}% 39
\BOOKMARK [1][-]{section.5.2}{\376\377\000T\036\325\000n\000g\000\040\000q\000u\000a\000n\000\040\000g\000i\000a\000o\000\040\000d\000i\036\307\000n\000\040\000v\000\340\000\040\000c\000h\036\351\000c\000\040\000n\001\003\000n\000g\000\040\000p\000h\036\247\000n\000\040\000m\036\301\000m}{chapter.5}% 40
\BOOKMARK [2][-]{subsection.5.2.1}{\376\377\000K\000h\036\321\000i\000\040\000g\000i\000\341\000m\000\040\000s\000\341\000t\000\040\000n\000h\000i\036\307\000t\000\040\001\021\036\331}{section.5.2}% 41
\BOOKMARK [2][-]{subsection.5.2.2}{\376\377\000K\000h\036\321\000i\000\040\001\021\000i\036\301\000u\000\040\000k\000h\000i\036\303\000n\000\040\000n\000h\000i\036\307\000t\000\040\001\021\036\331}{section.5.2}% 42
\BOOKMARK [2][-]{subsection.5.2.3}{\376\377\000C\000h\036\277\000\040\001\021\036\331\000\040\000t\000h\000\355\000\040\000n\000g\000h\000i\036\307\000m}{section.5.2}% 43
\BOOKMARK [2][-]{subsection.5.2.4}{\376\377\000K\000h\036\321\000i\000\040\001\021\000i\036\301\000u\000\040\000k\000h\000i\036\303\000n\000\040\000l\000a\000s\000e\000r\000\040\000-\000\040\000c\000h\036\277\000\040\001\021\036\331\000\040\000t\000h\036\347\000\040\000c\000\364\000n\000g}{section.5.2}% 44
\BOOKMARK [2][-]{subsection.5.2.5}{\376\377\000K\000h\036\321\000i\000\040\001\021\000i\036\301\000u\000\040\000k\000h\000i\036\303\000n\000\040\000l\000a\000s\000e\000r\000\040\000-\000\040\000c\000h\036\277\000\040\001\021\036\331\000\040\000t\036\361\000\040\001\021\036\331\000n\000g}{section.5.2}% 45
\BOOKMARK [2][-]{subsection.5.2.6}{\376\377\000G\000i\000a\000o\000\040\000t\000i\036\277\000p\000\040\000T\000C\000P\000/\000I\000P}{section.5.2}% 46
\BOOKMARK [2][-]{subsection.5.2.7}{\376\377\000H\036\307\000\040\000t\000h\036\321\000n\000g\000\040\000L\000o\000g}{section.5.2}% 47
\BOOKMARK [0][-]{chapter.6}{\376\377\000K\036\277\000t\000\040\000q\000u\036\243}{}% 48
\BOOKMARK [1][-]{section.6.1}{\376\377\000P\000h\036\247\000n\000\040\000c\036\351\000n\000g}{chapter.6}% 49
\BOOKMARK [1][-]{section.6.2}{\376\377\000K\036\277\000t\000\040\000q\000u\036\243\000\040\000t\000h\036\355\000\040\000n\000g\000h\000i\036\307\000m}{chapter.6}% 50
\BOOKMARK [0][-]{chapter.7}{\376\377\000K\036\277\000t\000\040\000l\000u\036\255\000n\000\040\000v\000\340\000\040\000h\001\260\036\333\000n\000g\000\040\000p\000h\000\341\000t\000\040\000t\000r\000i\036\303\000n}{}% 51
\BOOKMARK [1][-]{section.7.1}{\376\377\000K\036\277\000t\000\040\000l\000u\036\255\000n}{chapter.7}% 52
\BOOKMARK [2][-]{subsection.7.1.1}{\376\377\001\257\000u\000\040\001\021\000i\036\303\000m\000\040\000c\036\347\000a\000\040\001\021\036\301\000\040\000t\000\340\000i}{section.7.1}% 53
\BOOKMARK [2][-]{subsection.7.1.2}{\376\377\000N\000h\001\260\036\343\000c\000\040\001\021\000i\036\303\000m\000\040\000c\036\347\000a\000\040\001\021\036\301\000\040\000t\000\340\000i}{section.7.1}% 54
\BOOKMARK [1][-]{section.7.2}{\376\377\000H\001\260\036\333\000n\000g\000\040\000p\000h\000\341\000t\000\040\000t\000r\000i\036\303\000n}{chapter.7}% 55
\BOOKMARK [0][-]{chapter.8}{\376\377\000T\000\340\000i\000\040\000l\000i\036\307\000u\000\040\000t\000h\000a\000m\000\040\000k\000h\036\243\000o}{}% 56
