This is pdfTeX, Version 3.141592653-2.6-1.40.27 (MiKTeX 25.4) (preloaded format=pdflatex 2025.11.27)  29 DEC 2025 23:08
entering extended mode
 restricted \write18 enabled.
 %&-line parsing enabled.
**./lv_report.tex
(lv_report.tex
LaTeX2e <2025-11-01>
L3 programming layer <2025-11-06>
(C:\Program Files\MiKTeX\tex/latex/base\report.cls
Document Class: report 2025/01/22 v1.4n Standard LaTeX document class
(C:\Program Files\MiKTeX\tex/latex/base\size10.clo
File: size10.clo 2025/01/22 v1.4n Standard LaTeX file (size option)
)
\c@part=\count275
\c@chapter=\count276
\c@section=\count277
\c@subsection=\count278
\c@subsubsection=\count279
\c@paragraph=\count280
\c@subparagraph=\count281
\c@figure=\count282
\c@table=\count283
\abovecaptionskip=\skip49
\belowcaptionskip=\skip50
\bibindent=\dimen148
)
(C:\Program Files\MiKTeX\tex/latex/graphics\graphicx.sty
Package: graphicx 2024/12/31 v1.2e Enhanced LaTeX Graphics (DPC,SPQR)

(C:\Program Files\MiKTeX\tex/latex/graphics\keyval.sty
Package: keyval 2022/05/29 v1.15 key=value parser (DPC)
\KV@toks@=\toks17
)
(C:\Program Files\MiKTeX\tex/latex/graphics\graphics.sty
Package: graphics 2024/08/06 v1.4g Standard LaTeX Graphics (DPC,SPQR)

(C:\Program Files\MiKTeX\tex/latex/graphics\trig.sty
Package: trig 2023/12/02 v1.11 sin cos tan (DPC)
)
(C:\Program Files\MiKTeX\tex/latex/graphics-cfg\graphics.cfg
File: graphics.cfg 2016/06/04 v1.11 sample graphics configuration
)
Package graphics Info: Driver file: pdftex.def on input line 106.

(C:\Program Files\MiKTeX\tex/latex/graphics-def\pdftex.def
File: pdftex.def 2025/09/29 v1.2d Graphics/color driver for pdftex
))
\Gin@req@height=\dimen149
\Gin@req@width=\dimen150
)
(C:\Program Files\MiKTeX\tex/latex/amsmath\amsmath.sty
Package: amsmath 2025/07/09 v2.17z AMS math features
\@mathmargin=\skip51

For additional information on amsmath, use the `?' option.
(C:\Program Files\MiKTeX\tex/latex/amsmath\amstext.sty
Package: amstext 2024/11/17 v2.01 AMS text

(C:\Program Files\MiKTeX\tex/latex/amsmath\amsgen.sty
File: amsgen.sty 1999/11/30 v2.0 generic functions
\@emptytoks=\toks18
\ex@=\dimen151
))
(C:\Program Files\MiKTeX\tex/latex/amsmath\amsbsy.sty
Package: amsbsy 1999/11/29 v1.2d Bold Symbols
\pmbraise@=\dimen152
)
(C:\Program Files\MiKTeX\tex/latex/amsmath\amsopn.sty
Package: amsopn 2022/04/08 v2.04 operator names
)
\inf@bad=\count284
LaTeX Info: Redefining \frac on input line 233.
\uproot@=\count285
\leftroot@=\count286
LaTeX Info: Redefining \overline on input line 398.
LaTeX Info: Redefining \colon on input line 409.
\classnum@=\count287
\DOTSCASE@=\count288
LaTeX Info: Redefining \ldots on input line 495.
LaTeX Info: Redefining \dots on input line 498.
LaTeX Info: Redefining \cdots on input line 619.
\Mathstrutbox@=\box53
\strutbox@=\box54
LaTeX Info: Redefining \big on input line 721.
LaTeX Info: Redefining \Big on input line 722.
LaTeX Info: Redefining \bigg on input line 723.
LaTeX Info: Redefining \Bigg on input line 724.
\big@size=\dimen153
LaTeX Font Info:    Redeclaring font encoding OML on input line 742.
LaTeX Font Info:    Redeclaring font encoding OMS on input line 743.
\macc@depth=\count289
LaTeX Info: Redefining \bmod on input line 904.
LaTeX Info: Redefining \pmod on input line 909.
LaTeX Info: Redefining \smash on input line 939.
LaTeX Info: Redefining \relbar on input line 969.
LaTeX Info: Redefining \Relbar on input line 970.
\c@MaxMatrixCols=\count290
\dotsspace@=\muskip17
\c@parentequation=\count291
\dspbrk@lvl=\count292
\tag@help=\toks19
\row@=\count293
\column@=\count294
\maxfields@=\count295
\andhelp@=\toks20
\eqnshift@=\dimen154
\alignsep@=\dimen155
\tagshift@=\dimen156
\tagwidth@=\dimen157
\totwidth@=\dimen158
\lineht@=\dimen159
\@envbody=\toks21
\multlinegap=\skip52
\multlinetaggap=\skip53
\mathdisplay@stack=\toks22
LaTeX Info: Redefining \[ on input line 2950.
LaTeX Info: Redefining \] on input line 2951.
)
(C:\Program Files\MiKTeX\tex/latex/lipsum\lipsum.sty
(C:\Program Files\MiKTeX\tex/latex/l3packages/l3keys2e\l3keys2e.sty
(C:\Program Files\MiKTeX\tex/latex/l3kernel\expl3.sty
Package: expl3 2025-11-06 L3 programming layer (loader) 

(C:\Program Files\MiKTeX\tex/latex/l3backend\l3backend-pdftex.def
File: l3backend-pdftex.def 2025-10-09 L3 backend support: PDF output (pdfTeX)
\l__color_backend_stack_int=\count296
))
Package: l3keys2e 2025-10-09 LaTeX2e option processing using LaTeX3 keys
)
Package: lipsum 2021-09-20 v2.7 150 paragraphs of Lorem Ipsum dummy text
\g__lipsum_par_int=\count297
\l__lipsum_a_int=\count298
\l__lipsum_b_int=\count299

(C:\Program Files\MiKTeX\tex/latex/lipsum\lipsum.ltd.tex))
(C:\Program Files\MiKTeX\tex/latex/hyperref\hyperref.sty
Package: hyperref 2025-07-12 v7.01o Hypertext links for LaTeX

(C:\Program Files\MiKTeX\tex/generic/iftex\iftex.sty
Package: iftex 2024/12/12 v1.0g TeX engine tests
)
(C:\Program Files\MiKTeX\tex/latex/kvsetkeys\kvsetkeys.sty
Package: kvsetkeys 2022-10-05 v1.19 Key value parser (HO)
)
(C:\Program Files\MiKTeX\tex/generic/kvdefinekeys\kvdefinekeys.sty
Package: kvdefinekeys 2019-12-19 v1.6 Define keys (HO)
)
(C:\Program Files\MiKTeX\tex/generic/pdfescape\pdfescape.sty
Package: pdfescape 2019/12/09 v1.15 Implements pdfTeX's escape features (HO)

(C:\Program Files\MiKTeX\tex/generic/ltxcmds\ltxcmds.sty
Package: ltxcmds 2023-12-04 v1.26 LaTeX kernel commands for general use (HO)
)
(C:\Program Files\MiKTeX\tex/generic/pdftexcmds\pdftexcmds.sty
Package: pdftexcmds 2020-06-27 v0.33 Utility functions of pdfTeX for LuaTeX (HO
)

(C:\Program Files\MiKTeX\tex/generic/infwarerr\infwarerr.sty
Package: infwarerr 2019/12/03 v1.5 Providing info/warning/error messages (HO)
)
Package pdftexcmds Info: \pdf@primitive is available.
Package pdftexcmds Info: \pdf@ifprimitive is available.
Package pdftexcmds Info: \pdfdraftmode found.
))
(C:\Program Files\MiKTeX\tex/latex/hycolor\hycolor.sty
Package: hycolor 2020-01-27 v1.10 Color options for hyperref/bookmark (HO)
)
(C:\Program Files\MiKTeX\tex/latex/hyperref\nameref.sty
Package: nameref 2025-06-21 v2.57 Cross-referencing by name of section

(C:\Program Files\MiKTeX\tex/latex/refcount\refcount.sty
Package: refcount 2019/12/15 v3.6 Data extraction from label references (HO)
)
(C:\Program Files\MiKTeX\tex/generic/gettitlestring\gettitlestring.sty
Package: gettitlestring 2019/12/15 v1.6 Cleanup title references (HO)

(C:\Program Files\MiKTeX\tex/latex/kvoptions\kvoptions.sty
Package: kvoptions 2022-06-15 v3.15 Key value format for package options (HO)
))
\c@section@level=\count300
)
(C:\Program Files\MiKTeX\tex/latex/etoolbox\etoolbox.sty
Package: etoolbox 2025/10/02 v2.5m e-TeX tools for LaTeX (JAW)
\etb@tempcnta=\count301
)
(C:\Program Files\MiKTeX\tex/generic/stringenc\stringenc.sty
Package: stringenc 2019/11/29 v1.12 Convert strings between diff. encodings (HO
)
)
\@linkdim=\dimen160
\Hy@linkcounter=\count302
\Hy@pagecounter=\count303

(C:\Program Files\MiKTeX\tex/latex/hyperref\pd1enc.def
File: pd1enc.def 2025-07-12 v7.01o Hyperref: PDFDocEncoding definition (HO)
Now handling font encoding PD1 ...
... no UTF-8 mapping file for font encoding PD1
)
(C:\Program Files\MiKTeX\tex/generic/intcalc\intcalc.sty
Package: intcalc 2019/12/15 v1.3 Expandable calculations with integers (HO)
)
\Hy@SavedSpaceFactor=\count304

(C:\Program Files\MiKTeX\tex/latex/hyperref\puenc.def
File: puenc.def 2025-07-12 v7.01o Hyperref: PDF Unicode definition (HO)
Now handling font encoding PU ...
... no UTF-8 mapping file for font encoding PU
)
Package hyperref Info: Hyper figures OFF on input line 4195.
Package hyperref Info: Link nesting OFF on input line 4200.
Package hyperref Info: Hyper index ON on input line 4203.
Package hyperref Info: Plain pages OFF on input line 4210.
Package hyperref Info: Backreferencing OFF on input line 4215.
Package hyperref Info: Implicit mode ON; LaTeX internals redefined.
Package hyperref Info: Bookmarks ON on input line 4462.
\c@Hy@tempcnt=\count305

(C:\Program Files\MiKTeX\tex/latex/url\url.sty
\Urlmuskip=\muskip18
Package: url 2013/09/16  ver 3.4  Verb mode for urls, etc.
)
LaTeX Info: Redefining \url on input line 4801.
\XeTeXLinkMargin=\dimen161

(C:\Program Files\MiKTeX\tex/generic/bitset\bitset.sty
Package: bitset 2019/12/09 v1.3 Handle bit-vector datatype (HO)

(C:\Program Files\MiKTeX\tex/generic/bigintcalc\bigintcalc.sty
Package: bigintcalc 2019/12/15 v1.5 Expandable calculations on big integers (HO
)
))
\Fld@menulength=\count306
\Field@Width=\dimen162
\Fld@charsize=\dimen163
Package hyperref Info: Hyper figures OFF on input line 6078.
Package hyperref Info: Link nesting OFF on input line 6083.
Package hyperref Info: Hyper index ON on input line 6086.
Package hyperref Info: backreferencing OFF on input line 6093.
Package hyperref Info: Link coloring OFF on input line 6098.
Package hyperref Info: Link coloring with OCG OFF on input line 6103.
Package hyperref Info: PDF/A mode OFF on input line 6108.
\Hy@abspage=\count307
\c@Item=\count308
\c@Hfootnote=\count309
)
Package hyperref Info: Driver (autodetected): hpdftex.

(C:\Program Files\MiKTeX\tex/latex/hyperref\hpdftex.def
File: hpdftex.def 2025-07-12 v7.01o Hyperref driver for pdfTeX
\Fld@listcount=\count310
\c@bookmark@seq@number=\count311

(C:\Program Files\MiKTeX\tex/latex/rerunfilecheck\rerunfilecheck.sty
Package: rerunfilecheck 2025-06-21 v1.11 Rerun checks for auxiliary files (HO)

(C:\Program Files\MiKTeX\tex/generic/uniquecounter\uniquecounter.sty
Package: uniquecounter 2019/12/15 v1.4 Provide unlimited unique counter (HO)
)
Package uniquecounter Info: New unique counter `rerunfilecheck' on input line 2
84.
)
\Hy@SectionHShift=\skip54
)
(C:\Program Files\MiKTeX\tex/latex/caption\caption.sty
Package: caption 2023/08/05 v3.6o Customizing captions (AR)

(C:\Program Files\MiKTeX\tex/latex/caption\caption3.sty
Package: caption3 2023/07/31 v2.4d caption3 kernel (AR)
\caption@tempdima=\dimen164
\captionmargin=\dimen165
\caption@leftmargin=\dimen166
\caption@rightmargin=\dimen167
\caption@width=\dimen168
\caption@indent=\dimen169
\caption@parindent=\dimen170
\caption@hangindent=\dimen171
Package caption Info: Standard document class detected.
)
\c@caption@flags=\count312
\c@continuedfloat=\count313
Package caption Info: hyperref package is loaded.
)
(C:\Program Files\MiKTeX\tex/latex/trivfloat\trivfloat.sty
Package: trivfloat 2009/04/23 v1.4 Quick floats in LaTeX

(C:\Program Files\MiKTeX\tex/latex/float\float.sty
Package: float 2001/11/08 v1.3d Float enhancements (AL)
\c@float@type=\count314
\float@exts=\toks23
\float@box=\box55
\@float@everytoks=\toks24
\@floatcapt=\box56
)
\c@tfl@float@cnt=\count315
LaTeX Info: Redefining \tfl@uppercase on input line 223.
)
(C:\Program Files\MiKTeX\tex/latex/pgfplots\pgfplots.sty
(C:\Program Files\MiKTeX\tex/generic/pgfplots\pgfplots.revision.tex)
Package: pgfplots 2021/05/15 v1.18.1 Data Visualization (1.18.1)

(C:\Program Files\MiKTeX\tex/latex/pgf/frontendlayer\tikz.sty
(C:\Program Files\MiKTeX\tex/latex/pgf/basiclayer\pgf.sty
(C:\Program Files\MiKTeX\tex/latex/pgf/utilities\pgfrcs.sty
(C:\Program Files\MiKTeX\tex/generic/pgf/utilities\pgfutil-common.tex
\pgfutil@everybye=\toks25
\pgfutil@tempdima=\dimen172
\pgfutil@tempdimb=\dimen173
)
(C:\Program Files\MiKTeX\tex/generic/pgf/utilities\pgfutil-latex.def
\pgfutil@abb=\box57
)
(C:\Program Files\MiKTeX\tex/generic/pgf/utilities\pgfrcs.code.tex
(C:\Program Files\MiKTeX\tex/generic/pgf\pgf.revision.tex)
Package: pgfrcs 2025-08-29 v3.1.11a (3.1.11a)
))
Package: pgf 2025-08-29 v3.1.11a (3.1.11a)

(C:\Program Files\MiKTeX\tex/latex/pgf/basiclayer\pgfcore.sty
(C:\Program Files\MiKTeX\tex/latex/pgf/systemlayer\pgfsys.sty
(C:\Program Files\MiKTeX\tex/generic/pgf/systemlayer\pgfsys.code.tex
Package: pgfsys 2025-08-29 v3.1.11a (3.1.11a)

(C:\Program Files\MiKTeX\tex/generic/pgf/utilities\pgfkeys.code.tex
\pgfkeys@pathtoks=\toks26
\pgfkeys@temptoks=\toks27

(C:\Program Files\MiKTeX\tex/generic/pgf/utilities\pgfkeyslibraryfiltered.code.
tex
\pgfkeys@tmptoks=\toks28
))
\pgf@x=\dimen174
\pgf@y=\dimen175
\pgf@xa=\dimen176
\pgf@ya=\dimen177
\pgf@xb=\dimen178
\pgf@yb=\dimen179
\pgf@xc=\dimen180
\pgf@yc=\dimen181
\pgf@xd=\dimen182
\pgf@yd=\dimen183
\w@pgf@writea=\write3
\r@pgf@reada=\read2
\c@pgf@counta=\count316
\c@pgf@countb=\count317
\c@pgf@countc=\count318
\c@pgf@countd=\count319
\t@pgf@toka=\toks29
\t@pgf@tokb=\toks30
\t@pgf@tokc=\toks31
\pgf@sys@id@count=\count320
 (C:\Program Files\MiKTeX\tex/generic/pgf/systemlayer\pgf.cfg
File: pgf.cfg 2025-08-29 v3.1.11a (3.1.11a)
)
Driver file for pgf: pgfsys-pdftex.def

(C:\Program Files\MiKTeX\tex/generic/pgf/systemlayer\pgfsys-pdftex.def
File: pgfsys-pdftex.def 2025-08-29 v3.1.11a (3.1.11a)

(C:\Program Files\MiKTeX\tex/generic/pgf/systemlayer\pgfsys-common-pdf.def
File: pgfsys-common-pdf.def 2025-08-29 v3.1.11a (3.1.11a)
)))
(C:\Program Files\MiKTeX\tex/generic/pgf/systemlayer\pgfsyssoftpath.code.tex
File: pgfsyssoftpath.code.tex 2025-08-29 v3.1.11a (3.1.11a)
\pgfsyssoftpath@smallbuffer@items=\count321
\pgfsyssoftpath@bigbuffer@items=\count322
)
(C:\Program Files\MiKTeX\tex/generic/pgf/systemlayer\pgfsysprotocol.code.tex
File: pgfsysprotocol.code.tex 2025-08-29 v3.1.11a (3.1.11a)
))
(C:\Program Files\MiKTeX\tex/latex/xcolor\xcolor.sty
Package: xcolor 2024/09/29 v3.02 LaTeX color extensions (UK)

(C:\Program Files\MiKTeX\tex/latex/graphics-cfg\color.cfg
File: color.cfg 2016/01/02 v1.6 sample color configuration
)
Package xcolor Info: Driver file: pdftex.def on input line 274.

(C:\Program Files\MiKTeX\tex/latex/graphics\mathcolor.ltx)
Package xcolor Info: Model `cmy' substituted by `cmy0' on input line 1349.
Package xcolor Info: Model `hsb' substituted by `rgb' on input line 1353.
Package xcolor Info: Model `RGB' extended on input line 1365.
Package xcolor Info: Model `HTML' substituted by `rgb' on input line 1367.
Package xcolor Info: Model `Hsb' substituted by `hsb' on input line 1368.
Package xcolor Info: Model `tHsb' substituted by `hsb' on input line 1369.
Package xcolor Info: Model `HSB' substituted by `hsb' on input line 1370.
Package xcolor Info: Model `Gray' substituted by `gray' on input line 1371.
Package xcolor Info: Model `wave' substituted by `hsb' on input line 1372.
)
(C:\Program Files\MiKTeX\tex/generic/pgf/basiclayer\pgfcore.code.tex
Package: pgfcore 2025-08-29 v3.1.11a (3.1.11a)

(C:\Program Files\MiKTeX\tex/generic/pgf/math\pgfmath.code.tex
(C:\Program Files\MiKTeX\tex/generic/pgf/math\pgfmathutil.code.tex)
(C:\Program Files\MiKTeX\tex/generic/pgf/math\pgfmathparser.code.tex
\pgfmath@dimen=\dimen184
\pgfmath@count=\count323
\pgfmath@box=\box58
\pgfmath@toks=\toks32
\pgfmath@stack@operand=\toks33
\pgfmath@stack@operation=\toks34
)
(C:\Program Files\MiKTeX\tex/generic/pgf/math\pgfmathfunctions.code.tex)
(C:\Program Files\MiKTeX\tex/generic/pgf/math\pgfmathfunctions.basic.code.tex)
(C:\Program Files\MiKTeX\tex/generic/pgf/math\pgfmathfunctions.trigonometric.co
de.tex)
(C:\Program Files\MiKTeX\tex/generic/pgf/math\pgfmathfunctions.random.code.tex)

(C:\Program Files\MiKTeX\tex/generic/pgf/math\pgfmathfunctions.comparison.code.
tex)
(C:\Program Files\MiKTeX\tex/generic/pgf/math\pgfmathfunctions.base.code.tex)
(C:\Program Files\MiKTeX\tex/generic/pgf/math\pgfmathfunctions.round.code.tex)
(C:\Program Files\MiKTeX\tex/generic/pgf/math\pgfmathfunctions.misc.code.tex)
(C:\Program Files\MiKTeX\tex/generic/pgf/math\pgfmathfunctions.integerarithmeti
cs.code.tex) (C:\Program Files\MiKTeX\tex/generic/pgf/math\pgfmathcalc.code.tex
) (C:\Program Files\MiKTeX\tex/generic/pgf/math\pgfmathfloat.code.tex
\c@pgfmathroundto@lastzeros=\count324
))
(C:\Program Files\MiKTeX\tex/generic/pgf/math\pgfint.code.tex)
(C:\Program Files\MiKTeX\tex/generic/pgf/basiclayer\pgfcorepoints.code.tex
File: pgfcorepoints.code.tex 2025-08-29 v3.1.11a (3.1.11a)
\pgf@picminx=\dimen185
\pgf@picmaxx=\dimen186
\pgf@picminy=\dimen187
\pgf@picmaxy=\dimen188
\pgf@pathminx=\dimen189
\pgf@pathmaxx=\dimen190
\pgf@pathminy=\dimen191
\pgf@pathmaxy=\dimen192
\pgf@xx=\dimen193
\pgf@xy=\dimen194
\pgf@yx=\dimen195
\pgf@yy=\dimen196
\pgf@zx=\dimen197
\pgf@zy=\dimen198
)
(C:\Program Files\MiKTeX\tex/generic/pgf/basiclayer\pgfcorepathconstruct.code.t
ex
File: pgfcorepathconstruct.code.tex 2025-08-29 v3.1.11a (3.1.11a)
\pgf@path@lastx=\dimen199
\pgf@path@lasty=\dimen256
)
(C:\Program Files\MiKTeX\tex/generic/pgf/basiclayer\pgfcorepathusage.code.tex
File: pgfcorepathusage.code.tex 2025-08-29 v3.1.11a (3.1.11a)
\pgf@shorten@end@additional=\dimen257
\pgf@shorten@start@additional=\dimen258
)
(C:\Program Files\MiKTeX\tex/generic/pgf/basiclayer\pgfcorescopes.code.tex
File: pgfcorescopes.code.tex 2025-08-29 v3.1.11a (3.1.11a)
\pgfpic=\box59
\pgf@hbox=\box60
\pgf@layerbox@main=\box61
\pgf@picture@serial@count=\count325
)
(C:\Program Files\MiKTeX\tex/generic/pgf/basiclayer\pgfcoregraphicstate.code.te
x
File: pgfcoregraphicstate.code.tex 2025-08-29 v3.1.11a (3.1.11a)
\pgflinewidth=\dimen259
)
(C:\Program Files\MiKTeX\tex/generic/pgf/basiclayer\pgfcoretransformations.code
.tex
File: pgfcoretransformations.code.tex 2025-08-29 v3.1.11a (3.1.11a)
\pgf@pt@x=\dimen260
\pgf@pt@y=\dimen261
\pgf@pt@temp=\dimen262
) (C:\Program Files\MiKTeX\tex/generic/pgf/basiclayer\pgfcorequick.code.tex
File: pgfcorequick.code.tex 2025-08-29 v3.1.11a (3.1.11a)
) (C:\Program Files\MiKTeX\tex/generic/pgf/basiclayer\pgfcoreobjects.code.tex
File: pgfcoreobjects.code.tex 2025-08-29 v3.1.11a (3.1.11a)
)
(C:\Program Files\MiKTeX\tex/generic/pgf/basiclayer\pgfcorepathprocessing.code.
tex
File: pgfcorepathprocessing.code.tex 2025-08-29 v3.1.11a (3.1.11a)
) (C:\Program Files\MiKTeX\tex/generic/pgf/basiclayer\pgfcorearrows.code.tex
File: pgfcorearrows.code.tex 2025-08-29 v3.1.11a (3.1.11a)
\pgfarrowsep=\dimen263
) (C:\Program Files\MiKTeX\tex/generic/pgf/basiclayer\pgfcoreshade.code.tex
File: pgfcoreshade.code.tex 2025-08-29 v3.1.11a (3.1.11a)
\pgf@max=\dimen264
\pgf@sys@shading@range@num=\count326
\pgf@shadingcount=\count327
)
(C:\Program Files\MiKTeX\tex/generic/pgf/basiclayer\pgfcoreimage.code.tex
File: pgfcoreimage.code.tex 2025-08-29 v3.1.11a (3.1.11a)
)
(C:\Program Files\MiKTeX\tex/generic/pgf/basiclayer\pgfcoreexternal.code.tex
File: pgfcoreexternal.code.tex 2025-08-29 v3.1.11a (3.1.11a)
\pgfexternal@startupbox=\box62
)
(C:\Program Files\MiKTeX\tex/generic/pgf/basiclayer\pgfcorelayers.code.tex
File: pgfcorelayers.code.tex 2025-08-29 v3.1.11a (3.1.11a)
)
(C:\Program Files\MiKTeX\tex/generic/pgf/basiclayer\pgfcoretransparency.code.te
x
File: pgfcoretransparency.code.tex 2025-08-29 v3.1.11a (3.1.11a)
) (C:\Program Files\MiKTeX\tex/generic/pgf/basiclayer\pgfcorepatterns.code.tex
File: pgfcorepatterns.code.tex 2025-08-29 v3.1.11a (3.1.11a)
) (C:\Program Files\MiKTeX\tex/generic/pgf/basiclayer\pgfcorerdf.code.tex
File: pgfcorerdf.code.tex 2025-08-29 v3.1.11a (3.1.11a)
)))
(C:\Program Files\MiKTeX\tex/generic/pgf/modules\pgfmoduleshapes.code.tex
File: pgfmoduleshapes.code.tex 2025-08-29 v3.1.11a (3.1.11a)
\pgfnodeparttextbox=\box63
)
(C:\Program Files\MiKTeX\tex/generic/pgf/modules\pgfmoduleplot.code.tex
File: pgfmoduleplot.code.tex 2025-08-29 v3.1.11a (3.1.11a)
)
(C:\Program Files\MiKTeX\tex/latex/pgf/compatibility\pgfcomp-version-0-65.sty
Package: pgfcomp-version-0-65 2025-08-29 v3.1.11a (3.1.11a)
\pgf@nodesepstart=\dimen265
\pgf@nodesepend=\dimen266
)
(C:\Program Files\MiKTeX\tex/latex/pgf/compatibility\pgfcomp-version-1-18.sty
Package: pgfcomp-version-1-18 2025-08-29 v3.1.11a (3.1.11a)
)) (C:\Program Files\MiKTeX\tex/latex/pgf/utilities\pgffor.sty
(C:\Program Files\MiKTeX\tex/latex/pgf/utilities\pgfkeys.sty
(C:\Program Files\MiKTeX\tex/generic/pgf/utilities\pgfkeys.code.tex))
(C:\Program Files\MiKTeX\tex/latex/pgf/math\pgfmath.sty
(C:\Program Files\MiKTeX\tex/generic/pgf/math\pgfmath.code.tex))
(C:\Program Files\MiKTeX\tex/generic/pgf/utilities\pgffor.code.tex
Package: pgffor 2025-08-29 v3.1.11a (3.1.11a)
\pgffor@iter=\dimen267
\pgffor@skip=\dimen268
\pgffor@stack=\toks35
\pgffor@toks=\toks36
))
(C:\Program Files\MiKTeX\tex/generic/pgf/frontendlayer/tikz\tikz.code.tex
Package: tikz 2025-08-29 v3.1.11a (3.1.11a)

(C:\Program Files\MiKTeX\tex/generic/pgf/libraries\pgflibraryplothandlers.code.
tex
File: pgflibraryplothandlers.code.tex 2025-08-29 v3.1.11a (3.1.11a)
\pgf@plot@mark@count=\count328
\pgfplotmarksize=\dimen269
)
\tikz@lastx=\dimen270
\tikz@lasty=\dimen271
\tikz@lastxsaved=\dimen272
\tikz@lastysaved=\dimen273
\tikz@lastmovetox=\dimen274
\tikz@lastmovetoy=\dimen275
\tikzleveldistance=\dimen276
\tikzsiblingdistance=\dimen277
\tikz@figbox=\box64
\tikz@figbox@bg=\box65
\tikz@tempbox=\box66
\tikz@tempbox@bg=\box67
\tikztreelevel=\count329
\tikznumberofchildren=\count330
\tikznumberofcurrentchild=\count331
\tikz@fig@count=\count332
 (C:\Program Files\MiKTeX\tex/generic/pgf/modules\pgfmodulematrix.code.tex
File: pgfmodulematrix.code.tex 2025-08-29 v3.1.11a (3.1.11a)
\pgfmatrixcurrentrow=\count333
\pgfmatrixcurrentcolumn=\count334
\pgf@matrix@numberofcolumns=\count335
)
\tikz@expandcount=\count336

(C:\Program Files\MiKTeX\tex/generic/pgf/frontendlayer/tikz/libraries\tikzlibra
rytopaths.code.tex
File: tikzlibrarytopaths.code.tex 2025-08-29 v3.1.11a (3.1.11a)
)))
(C:\Program Files\MiKTeX\tex/generic/pgfplots\pgfplots.code.tex
(C:\Program Files\MiKTeX\tex/generic/pgfplots\pgfplotscore.code.tex
\t@pgfplots@toka=\toks37
\t@pgfplots@tokb=\toks38
\t@pgfplots@tokc=\toks39
\pgfplots@tmpa=\dimen278
\c@pgfplots@coordindex=\count337
\c@pgfplots@scanlineindex=\count338

(C:\Program Files\MiKTeX\tex/generic/pgfplots/sys\pgfplotssysgeneric.code.tex))
(C:\Program Files\MiKTeX\tex/generic/pgfplots/libs\pgfplotslibrary.code.tex)
(C:\Program Files\MiKTeX\tex/generic/pgfplots/oldpgfcompatib\pgfplotsoldpgfsupp
_loader.code.tex
(C:\Program Files\MiKTeX\tex/generic/pgf/libraries\pgflibraryfpu.code.tex)
Package pgfplots: loading complementary utilities for your pgf version...
\t@pgf@toka=\toks40
\t@pgf@tokb=\toks41
\t@pgf@tokc=\toks42

(C:\Program Files\MiKTeX\tex/generic/pgfplots/oldpgfcompatib\pgfplotsoldpgfsupp
_pgfutil-common-lists.tex))
(C:\Program Files\MiKTeX\tex/generic/pgfplots/util\pgfplotsutil.code.tex
(C:\Program Files\MiKTeX\tex/generic/pgfplots/liststructure\pgfplotsliststructu
re.code.tex)
(C:\Program Files\MiKTeX\tex/generic/pgfplots/liststructure\pgfplotsliststructu
reext.code.tex)
(C:\Program Files\MiKTeX\tex/generic/pgfplots/liststructure\pgfplotsarray.code.
tex
\c@pgfplotsarray@tmp=\count339
)
(C:\Program Files\MiKTeX\tex/generic/pgfplots/liststructure\pgfplotsmatrix.code
.tex)
(C:\Program Files\MiKTeX\tex/generic/pgfplots/numtable\pgfplotstableshared.code
.tex
\c@pgfplotstable@counta=\count340
\t@pgfplotstable@a=\toks43
)
(C:\Program Files\MiKTeX\tex/generic/pgfplots/liststructure\pgfplotsdeque.code.
tex) (C:\Program Files\MiKTeX\tex/generic/pgfplots/util\pgfplotsbinary.code.tex

(C:\Program Files\MiKTeX\tex/generic/pgfplots/util\pgfplotsbinary.data.code.tex
))
(C:\Program Files\MiKTeX\tex/generic/pgfplots/util\pgfplotsutil.verb.code.tex)
(C:\Program Files\MiKTeX\tex/generic/pgfplots/libs\pgflibrarypgfplots.surfshadi
ng.code.tex
\c@pgfplotslibrarysurf@no=\count341

(C:\Program Files\MiKTeX\tex/generic/pgfplots/sys\pgflibrarypgfplots.surfshadin
g.pgfsys-pdftex.def)))
(C:\Program Files\MiKTeX\tex/generic/pgfplots/util\pgfplotscolormap.code.tex
(C:\Program Files\MiKTeX\tex/generic/pgfplots/util\pgfplotscolor.code.tex))
(C:\Program Files\MiKTeX\tex/generic/pgfplots\pgfplotsstackedplots.code.tex)
(C:\Program Files\MiKTeX\tex/generic/pgfplots\pgfplotsplothandlers.code.tex
(C:\Program Files\MiKTeX\tex/generic/pgfplots\pgfplotsmeshplothandler.code.tex
(C:\Program Files\MiKTeX\tex/generic/pgfplots\pgfplotsmeshplotimage.code.tex)))
(C:\Program Files\MiKTeX\tex/generic/pgfplots\pgfplots.scaling.code.tex)
(C:\Program Files\MiKTeX\tex/generic/pgfplots\pgfplotscoordprocessing.code.tex)
(C:\Program Files\MiKTeX\tex/generic/pgfplots\pgfplots.errorbars.code.tex)
(C:\Program Files\MiKTeX\tex/generic/pgfplots\pgfplots.markers.code.tex)
(C:\Program Files\MiKTeX\tex/generic/pgfplots\pgfplotsticks.code.tex)
(C:\Program Files\MiKTeX\tex/generic/pgfplots\pgfplots.paths.code.tex)
(C:\Program Files\MiKTeX\tex/generic/pgf/frontendlayer/tikz/libraries\tikzlibra
rydecorations.code.tex
(C:\Program Files\MiKTeX\tex/generic/pgf/modules\pgfmoduledecorations.code.tex
\pgfdecoratedcompleteddistance=\dimen279
\pgfdecoratedremainingdistance=\dimen280
\pgfdecoratedinputsegmentcompleteddistance=\dimen281
\pgfdecoratedinputsegmentremainingdistance=\dimen282
\pgf@decorate@distancetomove=\dimen283
\pgf@decorate@repeatstate=\count342
\pgfdecorationsegmentamplitude=\dimen284
\pgfdecorationsegmentlength=\dimen285
)
\tikz@lib@dec@box=\box68
)
(C:\Program Files\MiKTeX\tex/generic/pgf/frontendlayer/tikz/libraries\tikzlibra
rydecorations.pathmorphing.code.tex
(C:\Program Files\MiKTeX\tex/generic/pgf/libraries/decorations\pgflibrarydecora
tions.pathmorphing.code.tex))
(C:\Program Files\MiKTeX\tex/generic/pgf/frontendlayer/tikz/libraries\tikzlibra
rydecorations.pathreplacing.code.tex
(C:\Program Files\MiKTeX\tex/generic/pgf/libraries/decorations\pgflibrarydecora
tions.pathreplacing.code.tex))
(C:\Program Files\MiKTeX\tex/generic/pgfplots/libs\tikzlibrarypgfplots.contourl
ua.code.tex)
\pgfplots@numplots=\count343
\pgfplots@xmin@reg=\dimen286
\pgfplots@xmax@reg=\dimen287
\pgfplots@ymin@reg=\dimen288
\pgfplots@ymax@reg=\dimen289
\pgfplots@zmin@reg=\dimen290
\pgfplots@zmax@reg=\dimen291
)
(C:\Program Files\MiKTeX\tex/generic/pgf/frontendlayer/tikz/libraries\tikzlibra
ryplotmarks.code.tex
File: tikzlibraryplotmarks.code.tex 2025-08-29 v3.1.11a (3.1.11a)

(C:\Program Files\MiKTeX\tex/generic/pgf/libraries\pgflibraryplotmarks.code.tex
File: pgflibraryplotmarks.code.tex 2025-08-29 v3.1.11a (3.1.11a)
))) (C:\Program Files\MiKTeX\tex/latex/import\import.sty
Package: import 2020/04/01  v 6.2
)
(C:\Program Files\MiKTeX\tex/generic/pgf/frontendlayer/tikz/libraries\tikzlibra
rycalc.code.tex
File: tikzlibrarycalc.code.tex 2025-08-29 v3.1.11a (3.1.11a)
) (C:\Program Files\MiKTeX\tex/latex/psnfss\pifont.sty
Package: pifont 2020/03/25 PSNFSS-v9.3 Pi font support (SPQR) 
LaTeX Font Info:    Trying to load font information for U+pzd on input line 63.


(C:\Program Files\MiKTeX\tex/latex/psnfss\upzd.fd
File: upzd.fd 2001/06/04 font definitions for U/pzd.
)
LaTeX Font Info:    Trying to load font information for U+psy on input line 64.


(C:\Program Files\MiKTeX\tex/latex/psnfss\upsy.fd
File: upsy.fd 2001/06/04 font definitions for U/psy.
))
(C:\Program Files\MiKTeX\tex/latex/tools\enumerate.sty
Package: enumerate 2023/07/04 v3.00 enumerate extensions (DPC)
\@enLab=\toks44
)
(C:\Program Files\MiKTeX\tex/latex/caption\subcaption.sty
Package: subcaption 2023/07/28 v1.6b Sub-captions (AR)
Package caption Info: New subtype `subfigure' on input line 238.
\c@subfigure=\count344
Package caption Info: New subtype `subtable' on input line 238.
\c@subtable=\count345
)
(C:\Program Files\MiKTeX\tex/latex/lastpage\lastpage.sty
Package: lastpage 2025/08/14 v2.1h lastpage: 2.09 or 2e? (HMM)

(C:\Program Files\MiKTeX\tex/latex/lastpage\lastpage2e.sty
Package: lastpage2e 2025/08/14 v2.1h Decide which 2e lastpage version to use (H
MM)

(C:\Program Files\MiKTeX\tex/latex/lastpage\lastpagemodern.sty
Package: lastpagemodern 2025-08-14 v2.1h Refers to last page's name (HMM; JPG)
\c@lastpagecount=\count346
) 
)) (C:\Program Files\MiKTeX\tex/latex/pgf/utilities\pgfpages.sty
Package: pgfpages 2011/01/05 ver 0.02

(C:\Program Files\MiKTeX\tex/latex/tools\calc.sty
Package: calc 2025/03/01 v4.3b Infix arithmetic (KKT,FJ)
\calc@Acount=\count347
\calc@Bcount=\count348
\calc@Adimen=\dimen292
\calc@Bdimen=\dimen293
\calc@Askip=\skip55
\calc@Bskip=\skip56
LaTeX Info: Redefining \setlength on input line 86.
LaTeX Info: Redefining \addtolength on input line 87.
\calc@Ccount=\count349
\calc@Cskip=\skip57
)
\pgf@logicalpages=\count350
\pgf@firstshipout=\count351
\pgf@lastshipout=\count352
\pgf@currentshipout=\count353
\pgf@cpn=\count354
\pgf@shipoutnextto=\count355
\pgfphysicalheight=\dimen294
\pgfphysicalwidth=\dimen295
\pgfpages@shipoutbox=\box69
)
(C:\Program Files\MiKTeX\tex/latex/tools\array.sty
Package: array 2025/09/25 v2.6n Tabular extension package (FMi)
\col@sep=\dimen296
\ar@mcellbox=\box70
\extrarowheight=\dimen297
\NC@list=\toks45
\extratabsurround=\skip58
\backup@length=\skip59
\ar@cellbox=\box71
)
(C:\Program Files\MiKTeX\tex/latex/pdfscreen\pdfscreen.sty
Package: pdfscreen 2000/07/07 v.1.5 screen PDF design (CVR)

(C:\Program Files\MiKTeX\tex/latex/comment\comment.sty
\CommentStream=\write4

Excluding comment 'comment')
\c@panel=\count356
\c@driver=\count357
\c@scheme=\count358
)
(C:\Program Files\MiKTeX\tex/latex/multirow\multirow.sty
Package: multirow 2024/11/12 v2.9 Span multiple rows of a table
\multirow@colwidth=\skip60
\multirow@cntb=\count359
\multirow@dima=\skip61
\bigstrutjot=\dimen298
)
(C:\Program Files\MiKTeX\tex/latex/geometry\geometry.sty
Package: geometry 2020/01/02 v5.9 Page Geometry

(C:\Program Files\MiKTeX\tex/generic/iftex\ifvtex.sty
Package: ifvtex 2019/10/25 v1.7 ifvtex legacy package. Use iftex instead.
)
\Gm@cnth=\count360
\Gm@cntv=\count361
\c@Gm@tempcnt=\count362
\Gm@bindingoffset=\dimen299
\Gm@wd@mp=\dimen300
\Gm@odd@mp=\dimen301
\Gm@even@mp=\dimen302
\Gm@layoutwidth=\dimen303
\Gm@layoutheight=\dimen304
\Gm@layouthoffset=\dimen305
\Gm@layoutvoffset=\dimen306
\Gm@dimlist=\toks46

(C:\Program Files\MiKTeX\tex/latex/geometry\geometry.cfg))
(C:\Program Files\MiKTeX\tex/latex/listings\listings.sty
\lst@mode=\count363
\lst@gtempboxa=\box72
\lst@token=\toks47
\lst@length=\count364
\lst@currlwidth=\dimen307
\lst@column=\count365
\lst@pos=\count366
\lst@lostspace=\dimen308
\lst@width=\dimen309
\lst@newlines=\count367
\lst@lineno=\count368
\lst@maxwidth=\dimen310

(C:\Program Files\MiKTeX\tex/latex/listings\lstpatch.sty
File: lstpatch.sty 2025/11/14 1.11b (Carsten Heinz)
)
(C:\Program Files\MiKTeX\tex/latex/listings\lstmisc.sty
File: lstmisc.sty 2025/11/14 1.11b (Carsten Heinz)
\c@lstnumber=\count369
\lst@skipnumbers=\count370
\lst@framebox=\box73
)
(C:\Program Files\MiKTeX\tex/latex/listings\listings.cfg
File: listings.cfg 2025/11/14 1.11b listings configuration
))
Package: listings 2025/11/14 1.11b (Carsten Heinz)

==> First Aid for listings.sty no longer applied!
    Expected:
        2024/09/23 1.10c (Carsten Heinz)
    but found:
        2025/11/14 1.11b (Carsten Heinz)
    so I'm assuming it got fixed.
(C:\Program Files\MiKTeX\tex/latex/vntex\vietnam.sty
Package: vietnam 2009/07/12 v1.3 support for Vietnamese

(C:\Program Files\MiKTeX\tex/latex/base\ifthen.sty
Package: ifthen 2024/03/16 v1.1e Standard LaTeX ifthen package (DPC)
)
(C:\Program Files\MiKTeX\tex/latex/base\fontenc.sty
Package: fontenc 2025/07/18 v2.1d Standard LaTeX package

(C:\Program Files\MiKTeX\tex/latex/vntex\t5enc.def
File: t5enc.def 2006/11/21 v1.4 Vietnamese T5 encoding
Now handling font encoding T5 ...
... processing UTF-8 mapping file for font encoding T5

(C:\Program Files\MiKTeX\tex/latex/vntex\t5enc.dfu
File: t5enc.dfu 2006/08/19 v1.1 UTF8 support for Vietnamese
   defining Unicode char U+00AB (decimal 171)
   defining Unicode char U+00BB (decimal 187)
   defining Unicode char U+00C0 (decimal 192)
   defining Unicode char U+00C1 (decimal 193)
   defining Unicode char U+00C2 (decimal 194)
   defining Unicode char U+00C3 (decimal 195)
   defining Unicode char U+00C8 (decimal 200)
   defining Unicode char U+00C9 (decimal 201)
   defining Unicode char U+00CA (decimal 202)
   defining Unicode char U+00CC (decimal 204)
   defining Unicode char U+00CD (decimal 205)
   defining Unicode char U+00D2 (decimal 210)
   defining Unicode char U+00D3 (decimal 211)
   defining Unicode char U+00D4 (decimal 212)
   defining Unicode char U+00D5 (decimal 213)
   defining Unicode char U+00D9 (decimal 217)
   defining Unicode char U+00DA (decimal 218)
   defining Unicode char U+00DD (decimal 221)
   defining Unicode char U+00E0 (decimal 224)
   defining Unicode char U+00E1 (decimal 225)
   defining Unicode char U+00E2 (decimal 226)
   defining Unicode char U+00E3 (decimal 227)
   defining Unicode char U+00E8 (decimal 232)
   defining Unicode char U+00E9 (decimal 233)
   defining Unicode char U+00EA (decimal 234)
   defining Unicode char U+00EC (decimal 236)
   defining Unicode char U+00ED (decimal 237)
   defining Unicode char U+00F2 (decimal 242)
   defining Unicode char U+00F3 (decimal 243)
   defining Unicode char U+00F4 (decimal 244)
   defining Unicode char U+00F5 (decimal 245)
   defining Unicode char U+00F9 (decimal 249)
   defining Unicode char U+00FA (decimal 250)
   defining Unicode char U+00FD (decimal 253)
   defining Unicode char U+0102 (decimal 258)
   defining Unicode char U+0103 (decimal 259)
   defining Unicode char U+0110 (decimal 272)
   defining Unicode char U+0111 (decimal 273)
   defining Unicode char U+0128 (decimal 296)
   defining Unicode char U+0129 (decimal 297)
   defining Unicode char U+0131 (decimal 305)
   defining Unicode char U+0168 (decimal 360)
   defining Unicode char U+0169 (decimal 361)
   defining Unicode char U+01A0 (decimal 416)
   defining Unicode char U+01A1 (decimal 417)
   defining Unicode char U+01AF (decimal 431)
   defining Unicode char U+01B0 (decimal 432)
   defining Unicode char U+1EA0 (decimal 7840)
   defining Unicode char U+1EA1 (decimal 7841)
   defining Unicode char U+1EA2 (decimal 7842)
   defining Unicode char U+1EA3 (decimal 7843)
   defining Unicode char U+1EA4 (decimal 7844)
   defining Unicode char U+1EA5 (decimal 7845)
   defining Unicode char U+1EA6 (decimal 7846)
   defining Unicode char U+1EA7 (decimal 7847)
   defining Unicode char U+1EA8 (decimal 7848)
   defining Unicode char U+1EA9 (decimal 7849)
   defining Unicode char U+1EAA (decimal 7850)
   defining Unicode char U+1EAB (decimal 7851)
   defining Unicode char U+1EAC (decimal 7852)
   defining Unicode char U+1EAD (decimal 7853)
   defining Unicode char U+1EAE (decimal 7854)
   defining Unicode char U+1EAF (decimal 7855)
   defining Unicode char U+1EB0 (decimal 7856)
   defining Unicode char U+1EB1 (decimal 7857)
   defining Unicode char U+1EB2 (decimal 7858)
   defining Unicode char U+1EB3 (decimal 7859)
   defining Unicode char U+1EB4 (decimal 7860)
   defining Unicode char U+1EB5 (decimal 7861)
   defining Unicode char U+1EB6 (decimal 7862)
   defining Unicode char U+1EB7 (decimal 7863)
   defining Unicode char U+1EB8 (decimal 7864)
   defining Unicode char U+1EB9 (decimal 7865)
   defining Unicode char U+1EBA (decimal 7866)
   defining Unicode char U+1EBB (decimal 7867)
   defining Unicode char U+1EBC (decimal 7868)
   defining Unicode char U+1EBD (decimal 7869)
   defining Unicode char U+1EBE (decimal 7870)
   defining Unicode char U+1EBF (decimal 7871)
   defining Unicode char U+1EC0 (decimal 7872)
   defining Unicode char U+1EC1 (decimal 7873)
   defining Unicode char U+1EC2 (decimal 7874)
   defining Unicode char U+1EC3 (decimal 7875)
   defining Unicode char U+1EC4 (decimal 7876)
   defining Unicode char U+1EC5 (decimal 7877)
   defining Unicode char U+1EC6 (decimal 7878)
   defining Unicode char U+1EC7 (decimal 7879)
   defining Unicode char U+1EC8 (decimal 7880)
   defining Unicode char U+1EC9 (decimal 7881)
   defining Unicode char U+1ECA (decimal 7882)
   defining Unicode char U+1ECB (decimal 7883)
   defining Unicode char U+1ECC (decimal 7884)
   defining Unicode char U+1ECD (decimal 7885)
   defining Unicode char U+1ECE (decimal 7886)
   defining Unicode char U+1ECF (decimal 7887)
   defining Unicode char U+1ED0 (decimal 7888)
   defining Unicode char U+1ED1 (decimal 7889)
   defining Unicode char U+1ED2 (decimal 7890)
   defining Unicode char U+1ED3 (decimal 7891)
   defining Unicode char U+1ED4 (decimal 7892)
   defining Unicode char U+1ED5 (decimal 7893)
   defining Unicode char U+1ED6 (decimal 7894)
   defining Unicode char U+1ED7 (decimal 7895)
   defining Unicode char U+1ED8 (decimal 7896)
   defining Unicode char U+1ED9 (decimal 7897)
   defining Unicode char U+1EDA (decimal 7898)
   defining Unicode char U+1EDB (decimal 7899)
   defining Unicode char U+1EDC (decimal 7900)
   defining Unicode char U+1EDD (decimal 7901)
   defining Unicode char U+1EDE (decimal 7902)
   defining Unicode char U+1EDF (decimal 7903)
   defining Unicode char U+1EE0 (decimal 7904)
   defining Unicode char U+1EE1 (decimal 7905)
   defining Unicode char U+1EE2 (decimal 7906)
   defining Unicode char U+1EE3 (decimal 7907)
   defining Unicode char U+1EE4 (decimal 7908)
   defining Unicode char U+1EE5 (decimal 7909)
   defining Unicode char U+1EE6 (decimal 7910)
   defining Unicode char U+1EE7 (decimal 7911)
   defining Unicode char U+1EE8 (decimal 7912)
   defining Unicode char U+1EE9 (decimal 7913)
   defining Unicode char U+1EEA (decimal 7914)
   defining Unicode char U+1EEB (decimal 7915)
   defining Unicode char U+1EEC (decimal 7916)
   defining Unicode char U+1EED (decimal 7917)
   defining Unicode char U+1EEE (decimal 7918)
   defining Unicode char U+1EEF (decimal 7919)
   defining Unicode char U+1EF0 (decimal 7920)
   defining Unicode char U+1EF1 (decimal 7921)
   defining Unicode char U+1EF2 (decimal 7922)
   defining Unicode char U+1EF3 (decimal 7923)
   defining Unicode char U+1EF4 (decimal 7924)
   defining Unicode char U+1EF5 (decimal 7925)
   defining Unicode char U+1EF6 (decimal 7926)
   defining Unicode char U+1EF7 (decimal 7927)
   defining Unicode char U+1EF8 (decimal 7928)
   defining Unicode char U+1EF9 (decimal 7929)
   defining Unicode char U+200C (decimal 8204)
   defining Unicode char U+2013 (decimal 8211)
   defining Unicode char U+2014 (decimal 8212)
   defining Unicode char U+2018 (decimal 8216)
   defining Unicode char U+2019 (decimal 8217)
   defining Unicode char U+201A (decimal 8218)
   defining Unicode char U+201C (decimal 8220)
   defining Unicode char U+201D (decimal 8221)
   defining Unicode char U+201E (decimal 8222)
   defining Unicode char U+2030 (decimal 8240)
   defining Unicode char U+2031 (decimal 8241)
   defining Unicode char U+2039 (decimal 8249)
   defining Unicode char U+203A (decimal 8250)
   defining Unicode char U+2423 (decimal 9251)
))
LaTeX Font Info:    Trying to load font information for T5+cmr on input line 11
6.

(C:\Program Files\MiKTeX\tex/latex/vntex\t5cmr.fd
File: t5cmr.fd 1999/05/25 v2.5h Standard LaTeX font definitions
))
(C:\Program Files\MiKTeX\tex/latex/base\inputenc.sty
Package: inputenc 2024/02/08 v1.3d Input encoding file
\inpenc@prehook=\toks48
\inpenc@posthook=\toks49
)
(C:\Program Files\MiKTeX\tex/latex/vntex\vncaps.tex
File: vncaps.tex 2006/06/07 v1.1 Captions in Vietnamese
))
(C:\Program Files\MiKTeX\tex/latex/titlesec\titlesec.sty
Package: titlesec 2025/01/04 v2.17 Sectioning titles
\ttl@box=\box74
\beforetitleunit=\skip62
\aftertitleunit=\skip63
\ttl@plus=\dimen311
\ttl@minus=\dimen312
\ttl@toksa=\toks50
\titlewidth=\dimen313
\titlewidthlast=\dimen314
\titlewidthfirst=\dimen315
)
(C:\Program Files\MiKTeX\tex/latex/tools\indentfirst.sty
Package: indentfirst 2023/07/02 v1.03 Indent first paragraph (DPC)
)
(C:\Program Files\MiKTeX\tex/latex/setspace\setspace.sty
Package: setspace 2022/12/04 v6.7b set line spacing
)
(C:\Program Files\MiKTeX\tex/latex/paracol\paracol.sty
Package: paracol 2025/07/14 1.37 typeset columns in parallel
\pcol@currcol=\count371
\pcol@nextcol=\count372
\pcol@ncol=\count373
\pcol@ncolleft=\count374
\pcol@page=\count375
\pcol@basepage=\count376
\pcol@toppage=\count377
\pcol@footnotebase=\count378
\pcol@nfootnotes=\count379
\pcol@mcid=\count380
\pcol@prevdepth=\dimen316
\pcol@colht=\dimen317
\pcol@textfloatsep=\dimen318
\pcol@lrmargin=\dimen319
\pagerim=\dimen320
\pcol@topskip=\skip64
\belowfootnoteskip=\skip65
\pcol@topfnotes=\box75
\pcol@prespan=\box76
\pcol@rightpage=\box77
\pcol@colorstack@saved=\box78
\pcol@tempboxa=\box79
\pcol@tempboxb=\box80
\pcol@colorins=\insert252
\pcol@everyvbox=\toks51
)
(C:\Program Files\MiKTeX\tex/latex/hyphenat\hyphenat.sty
Package: hyphenat 2009/09/02 v2.3c hyphenation utilities
\langwohyphens=\language79
LaTeX Info: Redefining \_ on input line 43.
)
(C:\Program Files\MiKTeX\tex/latex/fancyhdr\fancyhdr.sty
Package: fancyhdr 2025/02/07 v5.2 Extensive control of page headers and footers

\f@nch@headwidth=\skip66
\f@nch@offset@elh=\skip67
\f@nch@offset@erh=\skip68
\f@nch@offset@olh=\skip69
\f@nch@offset@orh=\skip70
\f@nch@offset@elf=\skip71
\f@nch@offset@erf=\skip72
\f@nch@offset@olf=\skip73
\f@nch@offset@orf=\skip74
\f@nch@height=\skip75
\f@nch@footalignment=\skip76
\f@nch@widthL=\skip77
\f@nch@widthC=\skip78
\f@nch@widthR=\skip79
\@temptokenb=\toks52
)

LaTeX Warning: Unused global option(s):
    [14pt].

(lv_report.aux

LaTeX Warning: Label `fig:enter-label' multiply defined.


LaTeX Warning: Label `fig:enter-label' multiply defined.

)
\openout1 = `lv_report.aux'.

LaTeX Font Info:    Checking defaults for OML/cmm/m/it on input line 108.
LaTeX Font Info:    ... okay on input line 108.
LaTeX Font Info:    Checking defaults for OMS/cmsy/m/n on input line 108.
LaTeX Font Info:    ... okay on input line 108.
LaTeX Font Info:    Checking defaults for OT1/cmr/m/n on input line 108.
LaTeX Font Info:    ... okay on input line 108.
LaTeX Font Info:    Checking defaults for T1/cmr/m/n on input line 108.
LaTeX Font Info:    ... okay on input line 108.
LaTeX Font Info:    Checking defaults for TS1/cmr/m/n on input line 108.
LaTeX Font Info:    ... okay on input line 108.
LaTeX Font Info:    Checking defaults for OMX/cmex/m/n on input line 108.
LaTeX Font Info:    ... okay on input line 108.
LaTeX Font Info:    Checking defaults for U/cmr/m/n on input line 108.
LaTeX Font Info:    ... okay on input line 108.
LaTeX Font Info:    Checking defaults for PD1/pdf/m/n on input line 108.
LaTeX Font Info:    ... okay on input line 108.
LaTeX Font Info:    Checking defaults for PU/pdf/m/n on input line 108.
LaTeX Font Info:    ... okay on input line 108.
LaTeX Font Info:    Checking defaults for T5/cmr/m/n on input line 108.
LaTeX Font Info:    ... okay on input line 108.
 (C:\Program Files\MiKTeX\tex/context/base/mkii\supp-pdf.mkii
[Loading MPS to PDF converter (version 2006.09.02).]
\scratchcounter=\count381
\scratchdimen=\dimen321
\scratchbox=\box81
\nofMPsegments=\count382
\nofMParguments=\count383
\everyMPshowfont=\toks53
\MPscratchCnt=\count384
\MPscratchDim=\dimen322
\MPnumerator=\count385
\makeMPintoPDFobject=\count386
\everyMPtoPDFconversion=\toks54
) (C:\Program Files\MiKTeX\tex/latex/epstopdf-pkg\epstopdf-base.sty
Package: epstopdf-base 2020-01-24 v2.11 Base part for package epstopdf
Package epstopdf-base Info: Redefining graphics rule for `.eps' on input line 4
85.

(C:\Program Files\MiKTeX\tex/latex/00miktex\epstopdf-sys.cfg
File: epstopdf-sys.cfg 2021/03/18 v2.0 Configuration of epstopdf for MiKTeX
))
Package hyperref Info: Link coloring OFF on input line 108.
 (lv_report.out)
(lv_report.out)
\@outlinefile=\write5
\openout5 = `lv_report.out'.

Package caption Info: Begin \AtBeginDocument code.
Package caption Info: float package is loaded.
Package caption Info: listings package is loaded.
Package caption Info: End \AtBeginDocument code.


Package pgfplots Warning: running in backwards compatibility mode (unsuitable t
ick labels; missing features). Consider writing \pgfplotsset{compat=1.18} into 
your preamble.
 on input line 108.

*geometry* driver: auto-detecting
*geometry* detected driver: pdftex
*geometry* verbose mode - [ preamble ] result:
* driver: pdftex
* paper: a4paper
* layout: <same size as paper>
* layoutoffset:(h,v)=(0.0pt,0.0pt)
* modes: 
* h-part:(L,W,R)=(85.35826pt, 455.24411pt, 56.9055pt)
* v-part:(T,H,B)=(56.9055pt, 731.23584pt, 56.9055pt)
* \paperwidth=597.50787pt
* \paperheight=845.04684pt
* \textwidth=455.24411pt
* \textheight=731.23584pt
* \oddsidemargin=13.08827pt
* \evensidemargin=13.08827pt
* \topmargin=-52.36449pt
* \headheight=12.0pt
* \headsep=25.0pt
* \topskip=10.0pt
* \footskip=30.0pt
* \marginparwidth=57.0pt
* \marginparsep=11.0pt
* \columnsep=28.45274pt
* \skip\footins=9.0pt plus 4.0pt minus 2.0pt
* \hoffset=0.0pt
* \voffset=0.0pt
* \mag=1000
* \@twocolumnfalse
* \@twosidefalse
* \@mparswitchfalse
* \@reversemarginfalse
* (1in=72.27pt=25.4mm, 1cm=28.453pt)

\c@lstlisting=\count387
\@float@every@image=\toks55
\c@image=\count388
<logo.png, id=246, 2055.68pt x 1453.43pt>
File: logo.png Graphic file (type png)
<use logo.png>
Package pdftex.def Info: logo.png  used on input line 141.
(pdftex.def)             Requested size: 246.67096pt x 174.40407pt.
LaTeX Font Info:    Calculating math sizes for size <19> on input line 153.

LaTeX Font Warning: Font shape `OT1/cmr/m/n' in size <19> not available
(Font)              size <17.28> substituted on input line 153.


LaTeX Font Warning: Font shape `OT1/cmr/m/n' in size <13.29994> not available
(Font)              size <14.4> substituted on input line 153.


LaTeX Font Warning: Font shape `OT1/cmr/m/n' in size <9.5> not available
(Font)              size <9> substituted on input line 153.


LaTeX Font Warning: Font shape `OML/cmm/m/it' in size <19> not available
(Font)              size <17.28> substituted on input line 153.


LaTeX Font Warning: Font shape `OML/cmm/m/it' in size <13.29994> not available
(Font)              size <14.4> substituted on input line 153.


LaTeX Font Warning: Font shape `OML/cmm/m/it' in size <9.5> not available
(Font)              size <9> substituted on input line 153.


LaTeX Font Warning: Font shape `OMS/cmsy/m/n' in size <19> not available
(Font)              size <17.28> substituted on input line 153.


LaTeX Font Warning: Font shape `OMS/cmsy/m/n' in size <13.29994> not available
(Font)              size <14.4> substituted on input line 153.


LaTeX Font Warning: Font shape `OMS/cmsy/m/n' in size <9.5> not available
(Font)              size <9> substituted on input line 153.


LaTeX Font Warning: Font shape `OMX/cmex/m/n' in size <19> not available
(Font)              size <17.28> substituted on input line 153.


LaTeX Font Warning: Font shape `OMX/cmex/m/n' in size <13.29994> not available
(Font)              size <14.4> substituted on input line 153.


LaTeX Font Warning: Font shape `OMX/cmex/m/n' in size <9.5> not available
(Font)              size <9> substituted on input line 153.

LaTeX Font Info:    Calculating math sizes for size <16> on input line 160.

LaTeX Font Warning: Font shape `OT1/cmr/m/n' in size <16> not available
(Font)              size <17.28> substituted on input line 160.


LaTeX Font Warning: Font shape `OML/cmm/m/it' in size <16> not available
(Font)              size <17.28> substituted on input line 160.


LaTeX Font Warning: Font shape `OMS/cmsy/m/n' in size <16> not available
(Font)              size <17.28> substituted on input line 160.


LaTeX Font Warning: Font shape `OMX/cmex/m/n' in size <16> not available
(Font)              size <17.28> substituted on input line 160.

[1

{C:/Users/HTSANG/AppData/Local/MiKTeX/fonts/map/pdftex/pdftex.map} <./logo.png>
] (lv_report.toc
LaTeX Font Info:    Calculating math sizes for size <13> on input line 2.


LaTeX Font Warning: Font shape `OT1/cmr/m/n' in size <13> not available
(Font)              size <12> substituted on input line 2.


LaTeX Font Warning: Font shape `OT1/cmr/m/n' in size <6.5> not available
(Font)              size <6> substituted on input line 2.


LaTeX Font Warning: Font shape `OML/cmm/m/it' in size <13> not available
(Font)              size <12> substituted on input line 2.


LaTeX Font Warning: Font shape `OML/cmm/m/it' in size <6.5> not available
(Font)              size <6> substituted on input line 2.


LaTeX Font Warning: Font shape `OMS/cmsy/m/n' in size <13> not available
(Font)              size <12> substituted on input line 2.


LaTeX Font Warning: Font shape `OMS/cmsy/m/n' in size <6.5> not available
(Font)              size <6> substituted on input line 2.


LaTeX Font Warning: Font shape `OMX/cmex/m/n' in size <13> not available
(Font)              size <12> substituted on input line 2.


Package fancyhdr Warning: \headheight is too small (12.0pt): 
(fancyhdr)                Make it at least 12.42429pt, for example:
(fancyhdr)                \setlength{\headheight}{12.42429pt}.
(fancyhdr)                You might also make \topmargin smaller:
(fancyhdr)                \addtolength{\topmargin}{-0.42429pt}.


pdfTeX warning (ext4): destination with the same identifier (name{page.1}) has 
been already used, duplicate ignored
<to be read again> 
                   \relax 
l.32 ...Én trung t√¢m - OBC}{25}{subsection.3.5.1}
                                                  % [1

])
\tf@toc=\write6
\openout6 = `lv_report.toc'.



Package fancyhdr Warning: \headheight is too small (12.0pt): 
(fancyhdr)                Make it at least 12.42429pt, for example:
(fancyhdr)                \setlength{\headheight}{12.42429pt}.
(fancyhdr)                You might also make \topmargin smaller:
(fancyhdr)                \addtolength{\topmargin}{-0.42429pt}.

[2] (lv_report.lof

Package fancyhdr Warning: \headheight is too small (12.0pt): 
(fancyhdr)                Make it at least 14.95145pt, for example:
(fancyhdr)                \setlength{\headheight}{14.95145pt}.
(fancyhdr)                You might also make \topmargin smaller:
(fancyhdr)                \addtolength{\topmargin}{-2.95145pt}.

[3

])
\tf@lof=\write7
\openout7 = `lv_report.lof'.



Package fancyhdr Warning: \headheight is too small (12.0pt): 
(fancyhdr)                Make it at least 14.95145pt, for example:
(fancyhdr)                \setlength{\headheight}{14.95145pt}.
(fancyhdr)                You might also make \topmargin smaller:
(fancyhdr)                \addtolength{\topmargin}{-2.95145pt}.

[4] [5]
Ch\uhorn \ohorn ng 1.

Package fancyhdr Warning: \headheight is too small (12.0pt): 
(fancyhdr)                Make it at least 12.42429pt, for example:
(fancyhdr)                \setlength{\headheight}{12.42429pt}.
(fancyhdr)                You might also make \topmargin smaller:
(fancyhdr)                \addtolength{\topmargin}{-0.42429pt}.

[6

]

Package fancyhdr Warning: \headheight is too small (12.0pt): 
(fancyhdr)                Make it at least 12.42429pt, for example:
(fancyhdr)                \setlength{\headheight}{12.42429pt}.
(fancyhdr)                You might also make \topmargin smaller:
(fancyhdr)                \addtolength{\topmargin}{-0.42429pt}.

[7]

Package fancyhdr Warning: \headheight is too small (12.0pt): 
(fancyhdr)                Make it at least 12.42429pt, for example:
(fancyhdr)                \setlength{\headheight}{12.42429pt}.
(fancyhdr)                You might also make \topmargin smaller:
(fancyhdr)                \addtolength{\topmargin}{-0.42429pt}.

[8]

LaTeX Font Warning: Font shape `TS1/cmr/m/n' in size <13> not available
(Font)              size <12> substituted on input line 234.


Package fancyhdr Warning: \headheight is too small (12.0pt): 
(fancyhdr)                Make it at least 12.42429pt, for example:
(fancyhdr)                \setlength{\headheight}{12.42429pt}.
(fancyhdr)                You might also make \topmargin smaller:
(fancyhdr)                \addtolength{\topmargin}{-0.42429pt}.

[9]

Package fancyhdr Warning: \headheight is too small (12.0pt): 
(fancyhdr)                Make it at least 12.42429pt, for example:
(fancyhdr)                \setlength{\headheight}{12.42429pt}.
(fancyhdr)                You might also make \topmargin smaller:
(fancyhdr)                \addtolength{\topmargin}{-0.42429pt}.

[10]
Ch\uhorn \ohorn ng 2.
<lv_cm4_linhkien_top.jpg, id=504, 508.14844pt x 368.87813pt>
File: lv_cm4_linhkien_top.jpg Graphic file (type jpg)
<use lv_cm4_linhkien_top.jpg>
Package pdftex.def Info: lv_cm4_linhkien_top.jpg  used on input line 291.
(pdftex.def)             Requested size: 218.51521pt x 158.62575pt.
<lv_cm4_linhkien_bottom.jpg, id=505, 522.45187pt x 374.14781pt>
File: lv_cm4_linhkien_bottom.jpg Graphic file (type jpg)
<use lv_cm4_linhkien_bottom.jpg>
Package pdftex.def Info: lv_cm4_linhkien_bottom.jpg  used on input line 298.
(pdftex.def)             Requested size: 218.51521pt x 156.49017pt.
<lv_laser_operating_principle_2.png, id=507, 284.56313pt x 278.54062pt>
File: lv_laser_operating_principle_2.png Graphic file (type png)
<use lv_laser_operating_principle_2.png>
Package pdftex.def Info: lv_laser_operating_principle_2.png  used on input line
 314.
(pdftex.def)             Requested size: 273.14923pt x 267.39595pt.

Package fancyhdr Warning: \headheight is too small (12.0pt): 
(fancyhdr)                Make it at least 12.42429pt, for example:
(fancyhdr)                \setlength{\headheight}{12.42429pt}.
(fancyhdr)                You might also make \topmargin smaller:
(fancyhdr)                \addtolength{\topmargin}{-0.42429pt}.

[11

 <./lv_cm4_linhkien_top.jpg> <./lv_cm4_linhkien_bottom.jpg>]
<lv_photo_operating_principle.png, id=513, 561.59813pt x 445.665pt>
File: lv_photo_operating_principle.png Graphic file (type png)
<use lv_photo_operating_principle.png>
Package pdftex.def Info: lv_photo_operating_principle.png  used on input line 3
29.
(pdftex.def)             Requested size: 273.14923pt x 216.7593pt.


Package fancyhdr Warning: \headheight is too small (12.0pt): 
(fancyhdr)                Make it at least 12.42429pt, for example:
(fancyhdr)                \setlength{\headheight}{12.42429pt}.
(fancyhdr)                You might also make \topmargin smaller:
(fancyhdr)                \addtolength{\topmargin}{-0.42429pt}.

[12 <./lv_laser_operating_principle_2.png>]
<lv_tec_linhkien.jpg, id=520, 2007.5pt x 2007.5pt>
File: lv_tec_linhkien.jpg Graphic file (type jpg)
<use lv_tec_linhkien.jpg>
Package pdftex.def Info: lv_tec_linhkien.jpg  used on input line 344.
(pdftex.def)             Requested size: 136.57462pt x 136.5572pt.
<lv_tec.png, id=521, 401.24907pt x 326.72063pt>
File: lv_tec.png Graphic file (type png)
<use lv_tec.png>
Package pdftex.def Info: lv_tec.png  used on input line 351.
(pdftex.def)             Requested size: 273.14923pt x 222.42632pt.


Package fancyhdr Warning: \headheight is too small (12.0pt): 
(fancyhdr)                Make it at least 12.42429pt, for example:
(fancyhdr)                \setlength{\headheight}{12.42429pt}.
(fancyhdr)                You might also make \topmargin smaller:
(fancyhdr)                \addtolength{\topmargin}{-0.42429pt}.

[13 <./lv_photo_operating_principle.png> <./lv_tec_linhkien.jpg>]
<lv_ntc_linhkien.png, id=527, 197.23688pt x 240.9pt>
File: lv_ntc_linhkien.png Graphic file (type png)
<use lv_ntc_linhkien.png>
Package pdftex.def Info: lv_ntc_linhkien.png  used on input line 368.
(pdftex.def)             Requested size: 91.04742pt x 111.2013pt.
<lv_ntc_linhkien2.png, id=528, 203.25937pt x 177.66376pt>
File: lv_ntc_linhkien2.png Graphic file (type png)
<use lv_ntc_linhkien2.png>
Package pdftex.def Info: lv_ntc_linhkien2.png  used on input line 375.
(pdftex.def)             Requested size: 113.81102pt x 99.47746pt.


Package fancyhdr Warning: \headheight is too small (12.0pt): 
(fancyhdr)                Make it at least 12.42429pt, for example:
(fancyhdr)                \setlength{\headheight}{12.42429pt}.
(fancyhdr)                You might also make \topmargin smaller:
(fancyhdr)                \addtolength{\topmargin}{-0.42429pt}.

[14 <./lv_tec.png> <./lv_ntc_linhkien.png> <./lv_ntc_linhkien2.png>]
Overfull \hbox (74.08975pt too wide) in paragraph at lines 391--402
[]  \T5/cmr/m/n/13 Trong ^^_‚:   $[]$ 
 []


Package fancyhdr Warning: \headheight is too small (12.0pt): 
(fancyhdr)                Make it at least 12.42429pt, for example:
(fancyhdr)                \setlength{\headheight}{12.42429pt}.
(fancyhdr)                You might also make \topmargin smaller:
(fancyhdr)                \addtolength{\topmargin}{-0.42429pt}.

[15]
Ch\uhorn \ohorn ng 3.

Package fancyhdr Warning: \headheight is too small (12.0pt): 
(fancyhdr)                Make it at least 12.42429pt, for example:
(fancyhdr)                \setlength{\headheight}{12.42429pt}.
(fancyhdr)                You might also make \topmargin smaller:
(fancyhdr)                \addtolength{\topmargin}{-0.42429pt}.

[16

]
<lv_block_overview.png, id=553, 551.4201pt x 392.4261pt>
File: lv_block_overview.png Graphic file (type png)
<use lv_block_overview.png>
Package pdftex.def Info: lv_block_overview.png  used on input line 477.
(pdftex.def)             Requested size: 455.24411pt x 323.98306pt.


Package fancyhdr Warning: \headheight is too small (12.0pt): 
(fancyhdr)                Make it at least 12.42429pt, for example:
(fancyhdr)                \setlength{\headheight}{12.42429pt}.
(fancyhdr)                You might also make \topmargin smaller:
(fancyhdr)                \addtolength{\topmargin}{-0.42429pt}.

[17]

Package fancyhdr Warning: \headheight is too small (12.0pt): 
(fancyhdr)                Make it at least 12.42429pt, for example:
(fancyhdr)                \setlength{\headheight}{12.42429pt}.
(fancyhdr)                You might also make \topmargin smaller:
(fancyhdr)                \addtolength{\topmargin}{-0.42429pt}.

[18 <./lv_block_overview.png>]
<lv_block_obc.png, id=564, 1158.4881pt x 760.2804pt>
File: lv_block_obc.png Graphic file (type png)
<use lv_block_obc.png>
Package pdftex.def Info: lv_block_obc.png  used on input line 504.
(pdftex.def)             Requested size: 455.24411pt x 298.75874pt.


Package fancyhdr Warning: \headheight is too small (12.0pt): 
(fancyhdr)                Make it at least 12.42429pt, for example:
(fancyhdr)                \setlength{\headheight}{12.42429pt}.
(fancyhdr)                You might also make \topmargin smaller:
(fancyhdr)                \addtolength{\topmargin}{-0.42429pt}.

[19 <./lv_block_obc.png>]
<lv_block_exp.png, id=570, 1034.9064pt x 604.8999pt>
File: lv_block_exp.png Graphic file (type png)
<use lv_block_exp.png>
Package pdftex.def Info: lv_block_exp.png  used on input line 551.
(pdftex.def)             Requested size: 455.24411pt x 266.09216pt.


Package fancyhdr Warning: \headheight is too small (12.0pt): 
(fancyhdr)                Make it at least 12.42429pt, for example:
(fancyhdr)                \setlength{\headheight}{12.42429pt}.
(fancyhdr)                You might also make \topmargin smaller:
(fancyhdr)                \addtolength{\topmargin}{-0.42429pt}.

[20]

Package fancyhdr Warning: \headheight is too small (12.0pt): 
(fancyhdr)                Make it at least 12.42429pt, for example:
(fancyhdr)                \setlength{\headheight}{12.42429pt}.
(fancyhdr)                You might also make \topmargin smaller:
(fancyhdr)                \addtolength{\topmargin}{-0.42429pt}.

[21 <./lv_block_exp.png>]
<lv_block_laser.png, id=580, 602.0091pt x 340.3917pt>
File: lv_block_laser.png Graphic file (type png)
<use lv_block_laser.png>
Package pdftex.def Info: lv_block_laser.png  used on input line 607.
(pdftex.def)             Requested size: 455.24411pt x 257.40707pt.


Package fancyhdr Warning: \headheight is too small (12.0pt): 
(fancyhdr)                Make it at least 12.42429pt, for example:
(fancyhdr)                \setlength{\headheight}{12.42429pt}.
(fancyhdr)                You might also make \topmargin smaller:
(fancyhdr)                \addtolength{\topmargin}{-0.42429pt}.

[22 <./lv_block_laser.png>]
<lv_block_photo.png, id=586, 651.8754pt x 331.7193pt>
File: lv_block_photo.png Graphic file (type png)
<use lv_block_photo.png>
Package pdftex.def Info: lv_block_photo.png  used on input line 645.
(pdftex.def)             Requested size: 455.24411pt x 231.66537pt.


Package fancyhdr Warning: \headheight is too small (12.0pt): 
(fancyhdr)                Make it at least 12.42429pt, for example:
(fancyhdr)                \setlength{\headheight}{12.42429pt}.
(fancyhdr)                You might also make \topmargin smaller:
(fancyhdr)                \addtolength{\topmargin}{-0.42429pt}.

[23 <./lv_block_photo.png>]

Package fancyhdr Warning: \headheight is too small (12.0pt): 
(fancyhdr)                Make it at least 12.42429pt, for example:
(fancyhdr)                \setlength{\headheight}{12.42429pt}.
(fancyhdr)                You might also make \topmargin smaller:
(fancyhdr)                \addtolength{\topmargin}{-0.42429pt}.

[24]
<lv_pcb_obc_top.png, id=597, 2137.9875pt x 2137.9875pt>
File: lv_pcb_obc_top.png Graphic file (type png)
<use lv_pcb_obc_top.png>
Package pdftex.def Info: lv_pcb_obc_top.png  used on input line 688.
(pdftex.def)             Requested size: 218.51521pt x 218.50899pt.
<lv_pcb_obc_bottom.png, id=598, 2137.9875pt x 2137.9875pt>
File: lv_pcb_obc_bottom.png Graphic file (type png)
<use lv_pcb_obc_bottom.png>
Package pdftex.def Info: lv_pcb_obc_bottom.png  used on input line 695.
(pdftex.def)             Requested size: 218.51521pt x 218.50899pt.
<lv_sch_obc_pwr.png, id=599, 1079.53313pt x 299.61937pt>
File: lv_sch_obc_pwr.png Graphic file (type png)
<use lv_sch_obc_pwr.png>
Package pdftex.def Info: lv_sch_obc_pwr.png  used on input line 713.
(pdftex.def)             Requested size: 455.24411pt x 126.35132pt.


Package fancyhdr Warning: \headheight is too small (12.0pt): 
(fancyhdr)                Make it at least 12.42429pt, for example:
(fancyhdr)                \setlength{\headheight}{12.42429pt}.
(fancyhdr)                You might also make \topmargin smaller:
(fancyhdr)                \addtolength{\topmargin}{-0.42429pt}.

[25 <./lv_pcb_obc_top.png> <./lv_pcb_obc_bottom.png> <./lv_sch_obc_pwr.png>]
<lv_sch_obc_fram_rom.png, id=607, 1108.8928pt x 335.75438pt>
File: lv_sch_obc_fram_rom.png Graphic file (type png)
<use lv_sch_obc_fram_rom.png>
Package pdftex.def Info: lv_sch_obc_fram_rom.png  used on input line 724.
(pdftex.def)             Requested size: 455.24411pt x 137.8395pt.

Overfull \hbox (9.93378pt too wide) in paragraph at lines 731--732
[]\T5/cmr/m/n/13 IC FRAM l† MB85RS2MT c‚ dung
 []


Overfull \hbox (6.47086pt too wide) in paragraph at lines 734--735
[]\T5/cmr/m/n/13 IC Flash ROM l† MX25L8006EM1
 []

<lv_sch_obc_spi_iso.png, id=608, 885.3075pt x 264.23718pt>
File: lv_sch_obc_spi_iso.png Graphic file (type png)
<use lv_sch_obc_spi_iso.png>
Package pdftex.def Info: lv_sch_obc_spi_iso.png  used on input line 743.
(pdftex.def)             Requested size: 455.24411pt x 135.88005pt.
<lv_sch_obc_uart_iso.png, id=609, 968.86969pt x 221.32687pt>
File: lv_sch_obc_uart_iso.png Graphic file (type png)
<use lv_sch_obc_uart_iso.png>
Package pdftex.def Info: lv_sch_obc_uart_iso.png  used on input line 752.
(pdftex.def)             Requested size: 455.24411pt x 103.99661pt.

Package fancyhdr Warning: \headheight is too small (12.0pt): 
(fancyhdr)                Make it at least 12.42429pt, for example:
(fancyhdr)                \setlength{\headheight}{12.42429pt}.
(fancyhdr)                You might also make \topmargin smaller:
(fancyhdr)                \addtolength{\topmargin}{-0.42429pt}.

[26 <./lv_sch_obc_fram_rom.png> <./lv_sch_obc_spi_iso.png>]
<lv_sch_obc_io_iso.png, id=616, 1174.3875pt x 434.37282pt>
File: lv_sch_obc_io_iso.png Graphic file (type png)
<use lv_sch_obc_io_iso.png>
Package pdftex.def Info: lv_sch_obc_io_iso.png  used on input line 761.
(pdftex.def)             Requested size: 455.24411pt x 168.37737pt.
<lv_sch_obc_rtc.png, id=617, 1029.8475pt x 338.76563pt>
File: lv_sch_obc_rtc.png Graphic file (type png)
<use lv_sch_obc_rtc.png>
Package pdftex.def Info: lv_sch_obc_rtc.png  used on input line 772.
(pdftex.def)             Requested size: 455.24411pt x 149.74998pt.
<lv_sch_obc_wdog.png, id=618, 1123.94907pt x 502.12593pt>
File: lv_sch_obc_wdog.png Graphic file (type png)
<use lv_sch_obc_wdog.png>
Package pdftex.def Info: lv_sch_obc_wdog.png  used on input line 783.
(pdftex.def)             Requested size: 455.24411pt x 203.37521pt.


Package fancyhdr Warning: \headheight is too small (12.0pt): 
(fancyhdr)                Make it at least 12.42429pt, for example:
(fancyhdr)                \setlength{\headheight}{12.42429pt}.
(fancyhdr)                You might also make \topmargin smaller:
(fancyhdr)                \addtolength{\topmargin}{-0.42429pt}.

[27 <./lv_sch_obc_uart_iso.png> <./lv_sch_obc_io_iso.png> <./lv_sch_obc_rtc.png
>]
Overfull \hbox (74.08975pt too wide) in paragraph at lines 794--804
[]  \T5/cmr/m/n/13 Trong ^^_‚:   $[]$ 
 []

<lv_wdog_table.png, id=626, 798.73407pt x 163.3603pt>
File: lv_wdog_table.png Graphic file (type png)
<use lv_wdog_table.png>
Package pdftex.def Info: lv_wdog_table.png  used on input line 807.
(pdftex.def)             Requested size: 455.24411pt x 93.10886pt.
<lv_pcb_exp_top.png, id=627, 2038.61626pt x 2038.61626pt>
File: lv_pcb_exp_top.png Graphic file (type png)
<use lv_pcb_exp_top.png>
Package pdftex.def Info: lv_pcb_exp_top.png  used on input line 820.
(pdftex.def)             Requested size: 218.51521pt x 218.49373pt.
<lv_pcb_exp_bottom.png, id=628, 509.905pt x 509.905pt>
File: lv_pcb_exp_bottom.png Graphic file (type png)
<use lv_pcb_exp_bottom.png>
Package pdftex.def Info: lv_pcb_exp_bottom.png  used on input line 827.
(pdftex.def)             Requested size: 218.51521pt x 218.51572pt.

Package fancyhdr Warning: \headheight is too small (12.0pt): 
(fancyhdr)                Make it at least 12.42429pt, for example:
(fancyhdr)                \setlength{\headheight}{12.42429pt}.
(fancyhdr)                You might also make \topmargin smaller:
(fancyhdr)                \addtolength{\topmargin}{-0.42429pt}.

[28 <./lv_sch_obc_wdog.png> <./lv_wdog_table.png>]
<lv_sch_exp_efuse.png, id=637, 1115.66812pt x 482.55281pt>
File: lv_sch_exp_efuse.png Graphic file (type png)
<use lv_sch_exp_efuse.png>
Package pdftex.def Info: lv_sch_exp_efuse.png  used on input line 843.
(pdftex.def)             Requested size: 455.24411pt x 196.89807pt.


Package fancyhdr Warning: \headheight is too small (12.0pt): 
(fancyhdr)                Make it at least 12.42429pt, for example:
(fancyhdr)                \setlength{\headheight}{12.42429pt}.
(fancyhdr)                You might also make \topmargin smaller:
(fancyhdr)                \addtolength{\topmargin}{-0.42429pt}.

[29 <./lv_pcb_exp_top.png> <./lv_pcb_exp_bottom.png> <./lv_sch_exp_efuse.png>]
Overfull \hbox (74.08975pt too wide) in paragraph at lines 858--870
[]  \T5/cmr/m/n/13 Trong ^^_‚:   $[]$ 
 []

<lv_sch_exp_buck.png, id=647, 959.83594pt x 513.41812pt>
File: lv_sch_exp_buck.png Graphic file (type png)
<use lv_sch_exp_buck.png>
Package pdftex.def Info: lv_sch_exp_buck.png  used on input line 885.
(pdftex.def)             Requested size: 455.24411pt x 243.51576pt.
<lv_sch_exp_ldo.png, id=648, 854.44218pt x 286.06876pt>
File: lv_sch_exp_ldo.png Graphic file (type png)
<use lv_sch_exp_ldo.png>
Package pdftex.def Info: lv_sch_exp_ldo.png  used on input line 894.
(pdftex.def)             Requested size: 455.24411pt x 152.41452pt.

Package fancyhdr Warning: \headheight is too small (12.0pt): 
(fancyhdr)                Make it at least 12.42429pt, for example:
(fancyhdr)                \setlength{\headheight}{12.42429pt}.
(fancyhdr)                You might also make \topmargin smaller:
(fancyhdr)                \addtolength{\topmargin}{-0.42429pt}.

[30 <./lv_sch_exp_buck.png>]
<lv_sch_exp_ntc.png, id=657, 616.55344pt x 211.54031pt>
File: lv_sch_exp_ntc.png Graphic file (type png)
<use lv_sch_exp_ntc.png>
Package pdftex.def Info: lv_sch_exp_ntc.png  used on input line 905.
(pdftex.def)             Requested size: 455.24411pt x 156.19844pt.


Package fancyhdr Warning: \headheight is too small (12.0pt): 
(fancyhdr)                Make it at least 12.42429pt, for example:
(fancyhdr)                \setlength{\headheight}{12.42429pt}.
(fancyhdr)                You might also make \topmargin smaller:
(fancyhdr)                \addtolength{\topmargin}{-0.42429pt}.

[31 <./lv_sch_exp_ldo.png> <./lv_sch_exp_ntc.png>]
<lv_lt8722_ldr_cap.png, id=665, 329.73187pt x 212.29312pt>
File: lv_lt8722_ldr_cap.png Graphic file (type png)
<use lv_lt8722_ldr_cap.png>
Package pdftex.def Info: lv_lt8722_ldr_cap.png  used on input line 928.
(pdftex.def)             Requested size: 218.51521pt x 140.69049pt.
<lv_lt8722_bst_cap.png, id=666, 328.97906pt x 81.30376pt>
File: lv_lt8722_bst_cap.png Graphic file (type png)
<use lv_lt8722_bst_cap.png>
Package pdftex.def Info: lv_lt8722_bst_cap.png  used on input line 935.
(pdftex.def)             Requested size: 218.51521pt x 54.00427pt.
<lv_sch_exp_tec_drv.png, id=667, 853.38824pt x 452.892pt>
File: lv_sch_exp_tec_drv.png Graphic file (type png)
<use lv_sch_exp_tec_drv.png>
Package pdftex.def Info: lv_sch_exp_tec_drv.png  used on input line 945.
(pdftex.def)             Requested size: 455.24411pt x 241.60031pt.
<lv_sch_exp_heater_drv.png, id=668, 676.02562pt x 510.40688pt>
File: lv_sch_exp_heater_drv.png Graphic file (type png)
<use lv_sch_exp_heater_drv.png>
Package pdftex.def Info: lv_sch_exp_heater_drv.png  used on input line 954.
(pdftex.def)             Requested size: 273.14923pt x 206.23077pt.


Package fancyhdr Warning: \headheight is too small (12.0pt): 
(fancyhdr)                Make it at least 12.42429pt, for example:
(fancyhdr)                \setlength{\headheight}{12.42429pt}.
(fancyhdr)                You might also make \topmargin smaller:
(fancyhdr)                \addtolength{\topmargin}{-0.42429pt}.

[32 <./lv_lt8722_ldr_cap.png> <./lv_lt8722_bst_cap.png> <./lv_sch_exp_tec_drv.p
ng>]
<lv_sch_exp_fram.png, id=676, 558.58687pt x 254.45062pt>
File: lv_sch_exp_fram.png Graphic file (type png)
<use lv_sch_exp_fram.png>
Package pdftex.def Info: lv_sch_exp_fram.png  used on input line 966.
(pdftex.def)             Requested size: 455.24411pt x 207.38124pt.
<lv_pcb_laser_top.png, id=677, 2038.61626pt x 2038.61626pt>
File: lv_pcb_laser_top.png Graphic file (type png)
<use lv_pcb_laser_top.png>
Package pdftex.def Info: lv_pcb_laser_top.png  used on input line 981.
(pdftex.def)             Requested size: 218.51521pt x 218.49373pt.
<lv_pcb_laser_bottom.png, id=678, 2038.61626pt x 2038.61626pt>
File: lv_pcb_laser_bottom.png Graphic file (type png)
<use lv_pcb_laser_bottom.png>
Package pdftex.def Info: lv_pcb_laser_bottom.png  used on input line 988.
(pdftex.def)             Requested size: 218.51521pt x 218.49373pt.


Package fancyhdr Warning: \headheight is too small (12.0pt): 
(fancyhdr)                Make it at least 12.42429pt, for example:
(fancyhdr)                \setlength{\headheight}{12.42429pt}.
(fancyhdr)                You might also make \topmargin smaller:
(fancyhdr)                \addtolength{\topmargin}{-0.42429pt}.

[33 <./lv_sch_exp_heater_drv.png> <./lv_sch_exp_fram.png>]
<lv_dac.png, id=685, 722.7pt x 309.94194pt>
File: lv_dac.png Graphic file (type png)
<use lv_dac.png>
Package pdftex.def Info: lv_dac.png  used on input line 1008.
(pdftex.def)             Requested size: 455.24411pt x 195.2408pt.


Package fancyhdr Warning: \headheight is too small (12.0pt): 
(fancyhdr)                Make it at least 12.42429pt, for example:
(fancyhdr)                \setlength{\headheight}{12.42429pt}.
(fancyhdr)                You might also make \topmargin smaller:
(fancyhdr)                \addtolength{\topmargin}{-0.42429pt}.

[34 <./lv_pcb_laser_top.png> <./lv_pcb_laser_bottom.png> <./lv_dac.png>]
<lv_current_src_correl.png, id=693, 722.7pt x 253.81224pt>
File: lv_current_src_correl.png Graphic file (type png)
<use lv_current_src_correl.png>
Package pdftex.def Info: lv_current_src_correl.png  used on input line 1021.
(pdftex.def)             Requested size: 455.24411pt x 159.88318pt.

Overfull \hbox (60.14775pt too wide) in paragraph at lines 1034--1044
[]  \T5/cmr/m/n/13 Trong ^^_‚:   $[]$ 
 []


Package fancyhdr Warning: \headheight is too small (12.0pt): 
(fancyhdr)                Make it at least 12.42429pt, for example:
(fancyhdr)                \setlength{\headheight}{12.42429pt}.
(fancyhdr)                You might also make \topmargin smaller:
(fancyhdr)                \addtolength{\topmargin}{-0.42429pt}.

[35 <./lv_current_src_correl.png>]
<lv_sch_laser_switch.png, id=701, 818.30719pt x 497.60907pt>
File: lv_sch_laser_switch.png Graphic file (type png)
<use lv_sch_laser_switch.png>
Package pdftex.def Info: lv_sch_laser_switch.png  used on input line 1069.
(pdftex.def)             Requested size: 364.19667pt x 221.4695pt.
<lv_pcb_photo_top.png, id=702, 2038.61626pt x 2038.61626pt>
File: lv_pcb_photo_top.png Graphic file (type png)
<use lv_pcb_photo_top.png>
Package pdftex.def Info: lv_pcb_photo_top.png  used on input line 1080.
(pdftex.def)             Requested size: 218.51521pt x 218.49373pt.
<lv_pcb_photo_bottom.png, id=703, 2038.61626pt x 2038.61626pt>
File: lv_pcb_photo_bottom.png Graphic file (type png)
<use lv_pcb_photo_bottom.png>
Package pdftex.def Info: lv_pcb_photo_bottom.png  used on input line 1087.
(pdftex.def)             Requested size: 218.51521pt x 218.49373pt.


Package fancyhdr Warning: \headheight is too small (12.0pt): 
(fancyhdr)                Make it at least 12.42429pt, for example:
(fancyhdr)                \setlength{\headheight}{12.42429pt}.
(fancyhdr)                You might also make \topmargin smaller:
(fancyhdr)                \addtolength{\topmargin}{-0.42429pt}.

[36 <./lv_sch_laser_switch.png> <./lv_pcb_photo_top.png> <./lv_pcb_photo_bottom
.png>]
Overfull \hbox (17.53261pt too wide) in paragraph at lines 1101--1102
\T5/cmr/m/n/13 chΩnh x°c. M§ch ^^_iªn °p tham chi∏u dÚng IC REF1930 t§o ra ^^_i
ªn VREF$[]$ADC=3.3V.
 []


Overfull \hbox (0.7155pt too wide) in paragraph at lines 1101--1102
\T5/cmr/m/n/13 MÎt c¶u chia °p ^^_∫ ^^_˜Òc VREF=0.55V cho mˆc ^^_Ωch s˚ dˆng  
khËi Tran-simpedace. 
 []

<lv_sch_photo_ref.png, id=712, 897.3525pt x 413.1435pt>
File: lv_sch_photo_ref.png Graphic file (type png)
<use lv_sch_photo_ref.png>
Package pdftex.def Info: lv_sch_photo_ref.png  used on input line 1105.
(pdftex.def)             Requested size: 318.66948pt x 146.71423pt.
<lv_sch_photo_negative_pow.png, id=713, 834.7185pt x 286.06876pt>
File: lv_sch_photo_negative_pow.png Graphic file (type png)
<use lv_sch_photo_negative_pow.png>
Package pdftex.def Info: lv_sch_photo_negative_pow.png  used on input line 1116
.
(pdftex.def)             Requested size: 318.66948pt x 109.2136pt.

Package fancyhdr Warning: \headheight is too small (12.0pt): 
(fancyhdr)                Make it at least 12.42429pt, for example:
(fancyhdr)                \setlength{\headheight}{12.42429pt}.
(fancyhdr)                You might also make \topmargin smaller:
(fancyhdr)                \addtolength{\topmargin}{-0.42429pt}.

[37 <./lv_sch_photo_ref.png> <./lv_sch_photo_negative_pow.png>]
<lv_sch_photo_switch.png, id=720, 694.09312pt x 321.45094pt>
File: lv_sch_photo_switch.png Graphic file (type png)
<use lv_sch_photo_switch.png>
Package pdftex.def Info: lv_sch_photo_switch.png  used on input line 1131.
(pdftex.def)             Requested size: 364.19667pt x 168.67107pt.
<lv_transimpedance_antialias_corel.png, id=721, 722.7pt x 235.3593pt>
File: lv_transimpedance_antialias_corel.png Graphic file (type png)
<use lv_transimpedance_antialias_corel.png>
Package pdftex.def Info: lv_transimpedance_antialias_corel.png  used on input l
ine 1141.
(pdftex.def)             Requested size: 455.24411pt x 148.25917pt.


Package fancyhdr Warning: \headheight is too small (12.0pt): 
(fancyhdr)                Make it at least 12.42429pt, for example:
(fancyhdr)                \setlength{\headheight}{12.42429pt}.
(fancyhdr)                You might also make \topmargin smaller:
(fancyhdr)                \addtolength{\topmargin}{-0.42429pt}.

[38 <./lv_sch_photo_switch.png> <./lv_transimpedance_antialias_corel.png>]
<lv_anti_aliasing_filter.png, id=728, 609.77812pt x 280.79906pt>
File: lv_anti_aliasing_filter.png Graphic file (type png)
<use lv_anti_aliasing_filter.png>
Package pdftex.def Info: lv_anti_aliasing_filter.png  used on input line 1177.
(pdftex.def)             Requested size: 455.24411pt x 209.6433pt.


Package fancyhdr Warning: \headheight is too small (12.0pt): 
(fancyhdr)                Make it at least 12.42429pt, for example:
(fancyhdr)                \setlength{\headheight}{12.42429pt}.
(fancyhdr)                You might also make \topmargin smaller:
(fancyhdr)                \addtolength{\topmargin}{-0.42429pt}.

[39 <./lv_anti_aliasing_filter.png>]
<lv_sch_photo_adc.png, id=737, 841.34325pt x 431.211pt>
File: lv_sch_photo_adc.png Graphic file (type png)
<use lv_sch_photo_adc.png>
Package pdftex.def Info: lv_sch_photo_adc.png  used on input line 1190.
(pdftex.def)             Requested size: 364.19667pt x 186.66068pt.


Package fancyhdr Warning: \headheight is too small (12.0pt): 
(fancyhdr)                Make it at least 12.42429pt, for example:
(fancyhdr)                \setlength{\headheight}{12.42429pt}.
(fancyhdr)                You might also make \topmargin smaller:
(fancyhdr)                \addtolength{\topmargin}{-0.42429pt}.

[40 <./lv_sch_photo_adc.png>]
Ch\uhorn \ohorn ng 4.
<lv_flow_cm4.png, id=743, 564.4287pt x 695.2374pt>
File: lv_flow_cm4.png Graphic file (type png)
<use lv_flow_cm4.png>
Package pdftex.def Info: lv_flow_cm4.png  used on input line 1231.
(pdftex.def)             Requested size: 364.19667pt x 448.61032pt.

Package fancyhdr Warning: \headheight is too small (12.0pt): 
(fancyhdr)                Make it at least 12.42429pt, for example:
(fancyhdr)                \setlength{\headheight}{12.42429pt}.
(fancyhdr)                You might also make \topmargin smaller:
(fancyhdr)                \addtolength{\topmargin}{-0.42429pt}.

[41

]

Package fancyhdr Warning: \headheight is too small (12.0pt): 
(fancyhdr)                Make it at least 12.42429pt, for example:
(fancyhdr)                \setlength{\headheight}{12.42429pt}.
(fancyhdr)                You might also make \topmargin smaller:
(fancyhdr)                \addtolength{\topmargin}{-0.42429pt}.

[42 <./lv_flow_cm4.png>]
Overfull \hbox (12.6374pt too wide) in paragraph at lines 1246--1247
\T5/cmr/m/n/13 "auto_-ctrl_-temp_-stop", "laser_-man_-turn_-on", "laser_-man_-t
urn_-off"... 
 []

<lv_flow_obc.png, id=755, 131.5314pt x 333.8874pt>
File: lv_flow_obc.png Graphic file (type png)
<use lv_flow_obc.png>
Package pdftex.def Info: lv_flow_obc.png  used on input line 1267.
(pdftex.def)             Requested size: 136.57462pt x 346.72523pt.

Package fancyhdr Warning: \headheight is too small (12.0pt): 
(fancyhdr)                Make it at least 12.42429pt, for example:
(fancyhdr)                \setlength{\headheight}{12.42429pt}.
(fancyhdr)                You might also make \topmargin smaller:
(fancyhdr)                \addtolength{\topmargin}{-0.42429pt}.

[43]
Overfull \hbox (3.31178pt too wide) in paragraph at lines 1291--1291
[]|\T5/cmr/m/n/10 UART_-De-bug_-DMA_-Rx_-Task| 
 []


Package fancyhdr Warning: \headheight is too small (12.0pt): 
(fancyhdr)                Make it at least 12.42429pt, for example:
(fancyhdr)                \setlength{\headheight}{12.42429pt}.
(fancyhdr)                You might also make \topmargin smaller:
(fancyhdr)                \addtolength{\topmargin}{-0.42429pt}.

[44 <./lv_flow_obc.png>]
<lv_cli_obc.png, id=766, 209.583pt x 169.8345pt>
File: lv_cli_obc.png Graphic file (type png)
<use lv_cli_obc.png>
Package pdftex.def Info: lv_cli_obc.png  used on input line 1312.
(pdftex.def)             Requested size: 227.62206pt x 184.4551pt.
<lv_flow_obc_mintask.png, id=767, 622.2447pt x 138.7584pt>
File: lv_flow_obc_mintask.png Graphic file (type png)
<use lv_flow_obc_mintask.png>
Package pdftex.def Info: lv_flow_obc_mintask.png  used on input line 1323.
(pdftex.def)             Requested size: 455.24411pt x 101.52145pt.


Package fancyhdr Warning: \headheight is too small (12.0pt): 
(fancyhdr)                Make it at least 12.42429pt, for example:
(fancyhdr)                \setlength{\headheight}{12.42429pt}.
(fancyhdr)                You might also make \topmargin smaller:
(fancyhdr)                \addtolength{\topmargin}{-0.42429pt}.

[45 <./lv_cli_obc.png> <./lv_flow_obc_mintask.png>]
<lv_flow_exp.png, id=775, 333.1647pt x 275.3487pt>
File: lv_flow_exp.png Graphic file (type png)
<use lv_flow_exp.png>
Package pdftex.def Info: lv_flow_exp.png  used on input line 1358.
(pdftex.def)             Requested size: 295.90588pt x 244.55957pt.


Package fancyhdr Warning: \headheight is too small (12.0pt): 
(fancyhdr)                Make it at least 12.42429pt, for example:
(fancyhdr)                \setlength{\headheight}{12.42429pt}.
(fancyhdr)                You might also make \topmargin smaller:
(fancyhdr)                \addtolength{\topmargin}{-0.42429pt}.

[46 <./lv_flow_exp.png>]
(C:\Program Files\MiKTeX\tex/latex/listings\lstlang1.sty
File: lstlang1.sty 2025/11/14 1.11b listings language file
)
(C:\Program Files\MiKTeX\tex/latex/listings\lstmisc.sty
File: lstmisc.sty 2025/11/14 1.11b (Carsten Heinz)
)

Package fancyhdr Warning: \headheight is too small (12.0pt): 
(fancyhdr)                Make it at least 12.42429pt, for example:
(fancyhdr)                \setlength{\headheight}{12.42429pt}.
(fancyhdr)                You might also make \topmargin smaller:
(fancyhdr)                \addtolength{\topmargin}{-0.42429pt}.

[47]
<lv_flow_exp_exptask.png, id=815, 439.4016pt x 44.0847pt>
File: lv_flow_exp_exptask.png Graphic file (type png)
<use lv_flow_exp_exptask.png>
Package pdftex.def Info: lv_flow_exp_exptask.png  used on input line 1429.
(pdftex.def)             Requested size: 295.90588pt x 29.68927pt.
<lv_cli_exp.png, id=816, 266.1945pt x 214.401pt>
File: lv_cli_exp.png Graphic file (type png)
<use lv_cli_exp.png>
Package pdftex.def Info: lv_cli_exp.png  used on input line 1444.
(pdftex.def)             Requested size: 250.38564pt x 201.67108pt.


Package fancyhdr Warning: \headheight is too small (12.0pt): 
(fancyhdr)                Make it at least 12.42429pt, for example:
(fancyhdr)                \setlength{\headheight}{12.42429pt}.
(fancyhdr)                You might also make \topmargin smaller:
(fancyhdr)                \addtolength{\topmargin}{-0.42429pt}.

[48 <./lv_flow_exp_exptask.png> <./lv_cli_exp.png>]
<lv_flow_exp_mintask.png, id=824, 622.2447pt x 138.0357pt>
File: lv_flow_exp_mintask.png Graphic file (type png)
<use lv_flow_exp_mintask.png>
Package pdftex.def Info: lv_flow_exp_mintask.png  used on input line 1467.
(pdftex.def)             Requested size: 455.24411pt x 100.99269pt.
<lv_flow_handshake_obc_exp.png, id=826, 694.5147pt x 630.9171pt>
File: lv_flow_handshake_obc_exp.png Graphic file (type png)
<use lv_flow_handshake_obc_exp.png>
Package pdftex.def Info: lv_flow_handshake_obc_exp.png  used on input line 1491
.
(pdftex.def)             Requested size: 455.24411pt x 413.55698pt.


Package fancyhdr Warning: \headheight is too small (12.0pt): 
(fancyhdr)                Make it at least 12.42429pt, for example:
(fancyhdr)                \setlength{\headheight}{12.42429pt}.
(fancyhdr)                You might also make \topmargin smaller:
(fancyhdr)                \addtolength{\topmargin}{-0.42429pt}.

[49 <./lv_flow_exp_mintask.png>]

Package fancyhdr Warning: \headheight is too small (12.0pt): 
(fancyhdr)                Make it at least 12.42429pt, for example:
(fancyhdr)                \setlength{\headheight}{12.42429pt}.
(fancyhdr)                You might also make \topmargin smaller:
(fancyhdr)                \addtolength{\topmargin}{-0.42429pt}.

[50 <./lv_flow_handshake_obc_exp.png>]
Ch\uhorn \ohorn ng 5.
<lv_app.png, id=837, 1444.64719pt x 812.28468pt>
File: lv_app.png Graphic file (type png)
<use lv_app.png>
Package pdftex.def Info: lv_app.png  used on input line 1508.
(pdftex.def)             Requested size: 455.24411pt x 255.97018pt.

Package fancyhdr Warning: \headheight is too small (12.0pt): 
(fancyhdr)                Make it at least 12.42429pt, for example:
(fancyhdr)                \setlength{\headheight}{12.42429pt}.
(fancyhdr)                You might also make \topmargin smaller:
(fancyhdr)                \addtolength{\topmargin}{-0.42429pt}.

[51

 <./lv_app.png>]

Package fancyhdr Warning: \headheight is too small (12.0pt): 
(fancyhdr)                Make it at least 12.42429pt, for example:
(fancyhdr)                \setlength{\headheight}{12.42429pt}.
(fancyhdr)                You might also make \topmargin smaller:
(fancyhdr)                \addtolength{\topmargin}{-0.42429pt}.

[52]
Ch\uhorn \ohorn ng 6.
<lv_pcb_obc_real_top.JPG, id=848, 2636.85126pt x 2667.9675pt>
File: lv_pcb_obc_real_top.JPG Graphic file (type jpg)
<use lv_pcb_obc_real_top.JPG>
Package pdftex.def Info: lv_pcb_obc_real_top.JPG  used on input line 1554.
(pdftex.def)             Requested size: 218.51521pt x 221.0545pt.
<lv_pcb_obc_real_bot.JPG, id=849, 2638.85875pt x 2672.98625pt>
File: lv_pcb_obc_real_bot.JPG Graphic file (type jpg)
<use lv_pcb_obc_real_bot.JPG>
Package pdftex.def Info: lv_pcb_obc_real_bot.JPG  used on input line 1561.
(pdftex.def)             Requested size: 218.51521pt x 221.30719pt.
<lv_pcb_exp_real_top.JPG, id=850, 2655.9225pt x 2684.0275pt>
File: lv_pcb_exp_real_top.JPG Graphic file (type jpg)
<use lv_pcb_exp_real_top.JPG>
Package pdftex.def Info: lv_pcb_exp_real_top.JPG  used on input line 1575.
(pdftex.def)             Requested size: 218.51521pt x 220.78792pt.
<lv_pcb_exp_real_bot.JPG, id=851, 2870.725pt x 2900.8375pt>
File: lv_pcb_exp_real_bot.JPG Graphic file (type jpg)
<use lv_pcb_exp_real_bot.JPG>
Package pdftex.def Info: lv_pcb_exp_real_bot.JPG  used on input line 1582.
(pdftex.def)             Requested size: 218.51521pt x 220.78464pt.

Package fancyhdr Warning: \headheight is too small (12.0pt): 
(fancyhdr)                Make it at least 12.42429pt, for example:
(fancyhdr)                \setlength{\headheight}{12.42429pt}.
(fancyhdr)                You might also make \topmargin smaller:
(fancyhdr)                \addtolength{\topmargin}{-0.42429pt}.

[53

 <./lv_pcb_obc_real_top.JPG> <./lv_pcb_obc_real_bot.JPG>]
<lv_pcb_laser_real_top.JPG, id=856, 2815.51875pt x 2845.63126pt>
File: lv_pcb_laser_real_top.JPG Graphic file (type jpg)
<use lv_pcb_laser_real_top.JPG>
Package pdftex.def Info: lv_pcb_laser_real_top.JPG  used on input line 1596.
(pdftex.def)             Requested size: 218.51521pt x 220.83809pt.
<lv_pcb_laser_real_bot.JPG, id=857, 2926.935pt x 2878.755pt>
File: lv_pcb_laser_real_bot.JPG Graphic file (type jpg)
<use lv_pcb_laser_real_bot.JPG>
Package pdftex.def Info: lv_pcb_laser_real_bot.JPG  used on input line 1603.
(pdftex.def)             Requested size: 218.51521pt x 214.88701pt.
<lv_pcb_photo_real_top.JPG, id=858, 2823.54875pt x 2846.635pt>
File: lv_pcb_photo_real_top.JPG Graphic file (type jpg)
<use lv_pcb_photo_real_top.JPG>
Package pdftex.def Info: lv_pcb_photo_real_top.JPG  used on input line 1617.
(pdftex.def)             Requested size: 218.51521pt x 220.26445pt.
<lv_pcb_photo_real_bot.JPG, id=859, 2974.11125pt x 3027.31pt>
File: lv_pcb_photo_real_bot.JPG Graphic file (type jpg)
<use lv_pcb_photo_real_bot.JPG>
Package pdftex.def Info: lv_pcb_photo_real_bot.JPG  used on input line 1624.
(pdftex.def)             Requested size: 218.51521pt x 222.41916pt.


Package fancyhdr Warning: \headheight is too small (12.0pt): 
(fancyhdr)                Make it at least 12.42429pt, for example:
(fancyhdr)                \setlength{\headheight}{12.42429pt}.
(fancyhdr)                You might also make \topmargin smaller:
(fancyhdr)                \addtolength{\topmargin}{-0.42429pt}.

[54 <./lv_pcb_exp_real_top.JPG> <./lv_pcb_exp_real_bot.JPG> <./lv_pcb_laser_rea
l_top.JPG> <./lv_pcb_laser_real_bot.JPG>]
<lv_system_0.JPG, id=865, 4047.12pt x 3035.34pt>
File: lv_system_0.JPG Graphic file (type jpg)
<use lv_system_0.JPG>
Package pdftex.def Info: lv_system_0.JPG  used on input line 1636.
(pdftex.def)             Requested size: 4047.11017pt x 3035.33263pt.
<lv_system_1.JPG, id=866, 2732.2075pt x 3643.6125pt>
File: lv_system_1.JPG Graphic file (type jpg)
<use lv_system_1.JPG>
Package pdftex.def Info: lv_system_1.JPG  used on input line 1643.
(pdftex.def)             Requested size: 227.62206pt x 303.5039pt.


Package fancyhdr Warning: \headheight is too small (12.0pt): 
(fancyhdr)                Make it at least 12.42429pt, for example:
(fancyhdr)                \setlength{\headheight}{12.42429pt}.
(fancyhdr)                You might also make \topmargin smaller:
(fancyhdr)                \addtolength{\topmargin}{-0.42429pt}.

[55 <./lv_pcb_photo_real_top.JPG> <./lv_pcb_photo_real_bot.JPG> <./lv_system_0.
JPG>]
<lv_system_2.JPG, id=871, 2803.47375pt x 3767.07375pt>
File: lv_system_2.JPG Graphic file (type jpg)
<use lv_system_2.JPG>
Package pdftex.def Info: lv_system_2.JPG  used on input line 1650.
(pdftex.def)             Requested size: 227.62206pt x 305.85556pt.
<lv_system_SH.JPG, id=872, 2973.1075pt x 2511.3825pt>
File: lv_system_SH.JPG Graphic file (type jpg)
<use lv_system_SH.JPG>
Package pdftex.def Info: lv_system_SH.JPG  used on input line 1657.
(pdftex.def)             Requested size: 227.62206pt x 192.25426pt.


Package fancyhdr Warning: \headheight is too small (12.0pt): 
(fancyhdr)                Make it at least 12.42429pt, for example:
(fancyhdr)                \setlength{\headheight}{12.42429pt}.
(fancyhdr)                You might also make \topmargin smaller:
(fancyhdr)                \addtolength{\topmargin}{-0.42429pt}.

[56 <./lv_system_1.JPG> <./lv_system_2.JPG>]
<lv_test_current_src_scope.JPG, id=877, 1503.6175pt x 1104.125pt>
File: lv_test_current_src_scope.JPG Graphic file (type jpg)
<use lv_test_current_src_scope.JPG>
Package pdftex.def Info: lv_test_current_src_scope.JPG  used on input line 1665
.
(pdftex.def)             Requested size: 295.90588pt x 217.2831pt.
<lv_app_run_nhiet_pid_add_2_sensor.png, id=878, 1444.64719pt x 812.28468pt>
File: lv_app_run_nhiet_pid_add_2_sensor.png Graphic file (type png)
<use lv_app_run_nhiet_pid_add_2_sensor.png>
Package pdftex.def Info: lv_app_run_nhiet_pid_add_2_sensor.png  used on input l
ine 1679.
(pdftex.def)             Requested size: 1444.64368pt x 812.2827pt.


Package fancyhdr Warning: \headheight is too small (12.0pt): 
(fancyhdr)                Make it at least 12.42429pt, for example:
(fancyhdr)                \setlength{\headheight}{12.42429pt}.
(fancyhdr)                You might also make \topmargin smaller:
(fancyhdr)                \addtolength{\topmargin}{-0.42429pt}.

[57 <./lv_system_SH.JPG> <./lv_test_current_src_scope.JPG>]
<lv_folder_data.png, id=883, 446.8695pt x 384.2355pt>
File: lv_folder_data.png Graphic file (type png)
<use lv_folder_data.png>
Package pdftex.def Info: lv_folder_data.png  used on input line 1686.
(pdftex.def)             Requested size: 364.19667pt x 313.16382pt.


Package fancyhdr Warning: \headheight is too small (12.0pt): 
(fancyhdr)                Make it at least 12.42429pt, for example:
(fancyhdr)                \setlength{\headheight}{12.42429pt}.
(fancyhdr)                You might also make \topmargin smaller:
(fancyhdr)                \addtolength{\topmargin}{-0.42429pt}.

[58 <./lv_app_run_nhiet_pid_add_2_sensor.png>]
<lv_draw_laser_current.png, id=889, 949.74825pt x 509.5035pt>
File: lv_draw_laser_current.png Graphic file (type png)
<use lv_draw_laser_current.png>
Package pdftex.def Info: lv_draw_laser_current.png  used on input line 1693.
(pdftex.def)             Requested size: 364.19667pt x 195.37811pt.
<lv_draw_photo_adc.png, id=890, 647.41875pt x 426.84468pt>
File: lv_draw_photo_adc.png Graphic file (type png)
<use lv_draw_photo_adc.png>
Package pdftex.def Info: lv_draw_photo_adc.png  used on input line 1700.
(pdftex.def)             Requested size: 364.19667pt x 240.11908pt.


Package fancyhdr Warning: \headheight is too small (12.0pt): 
(fancyhdr)                Make it at least 12.42429pt, for example:
(fancyhdr)                \setlength{\headheight}{12.42429pt}.
(fancyhdr)                You might also make \topmargin smaller:
(fancyhdr)                \addtolength{\topmargin}{-0.42429pt}.

[59 <./lv_folder_data.png> <./lv_draw_laser_current.png>]
<lv_log_exp.png, id=897, 323.40825pt x 232.4685pt>
File: lv_log_exp.png Graphic file (type png)
<use lv_log_exp.png>
Package pdftex.def Info: lv_log_exp.png  used on input line 1709.
(pdftex.def)             Requested size: 218.51521pt x 157.06908pt.
<lv_log_exp_output.png, id=898, 422.7795pt x 342.078pt>
File: lv_log_exp_output.png Graphic file (type png)
<use lv_log_exp_output.png>
Package pdftex.def Info: lv_log_exp_output.png  used on input line 1716.
(pdftex.def)             Requested size: 218.51521pt x 176.80632pt.


Package fancyhdr Warning: \headheight is too small (12.0pt): 
(fancyhdr)                Make it at least 12.42429pt, for example:
(fancyhdr)                \setlength{\headheight}{12.42429pt}.
(fancyhdr)                You might also make \topmargin smaller:
(fancyhdr)                \addtolength{\topmargin}{-0.42429pt}.

[60 <./lv_draw_photo_adc.png> <./lv_log_exp.png> <./lv_log_exp_output.png>]
Ch\uhorn \ohorn ng 7.

Underfull \hbox (badness 10000) in paragraph at lines 1750--1751

 []


Package fancyhdr Warning: \headheight is too small (12.0pt): 
(fancyhdr)                Make it at least 12.42429pt, for example:
(fancyhdr)                \setlength{\headheight}{12.42429pt}.
(fancyhdr)                You might also make \topmargin smaller:
(fancyhdr)                \addtolength{\topmargin}{-0.42429pt}.

[61

]

Package fancyhdr Warning: \headheight is too small (12.0pt): 
(fancyhdr)                Make it at least 12.42429pt, for example:
(fancyhdr)                \setlength{\headheight}{12.42429pt}.
(fancyhdr)                You might also make \topmargin smaller:
(fancyhdr)                \addtolength{\topmargin}{-0.42429pt}.

[62]
Ch\uhorn \ohorn ng 8.

Package fancyhdr Warning: \headheight is too small (12.0pt): 
(fancyhdr)                Make it at least 14.95145pt, for example:
(fancyhdr)                \setlength{\headheight}{14.95145pt}.
(fancyhdr)                You might also make \topmargin smaller:
(fancyhdr)                \addtolength{\topmargin}{-2.95145pt}.

[63

] 
enddocument/afterlastpage (AED): lastpage setting LastPage.
(lv_report.aux)
 ***********
LaTeX2e <2025-11-01>
L3 programming layer <2025-11-06>
 ***********


LaTeX Font Warning: Size substitutions with differences
(Font)              up to 1.72pt have occurred.


LaTeX Warning: There were multiply-defined labels.

Package rerunfilecheck Info: File `lv_report.out' has not changed.
(rerunfilecheck)             Checksum: 1121B6E5D1A610D74A8C5756AC6B10A1;11670.
 ) 
Here is how much of TeX's memory you used:
 37917 strings out of 467871
 846903 string characters out of 5428439
 1603117 words of memory out of 5000000
 65963 multiletter control sequences out of 15000+600000
 660467 words of font info for 98 fonts, out of 8000000 for 9000
 1141 hyphenation exceptions out of 8191
 99i,14n,118p,1146b,1402s stack positions out of 10000i,1000n,20000p,200000b,200000s
 <C:\Users\HTSANG\AppData\Local\MiKTeX\fonts/pk/ljfour/vntex/vnr/dpi600\vnbx1
0.pk> <C:\Users\HTSANG\AppData\Local\MiKTeX\fonts/pk/ljfour/vntex/vnr/dpi607\vn
r9.pk> <C:\Users\HTSANG\AppData\Local\MiKTeX\fonts/pk/ljfour/vntex/vnr/dpi600\v
nr9.pk> <C:\Users\HTSANG\AppData\Local\MiKTeX\fonts/pk/ljfour/jknappen/ec/dpi60
0\tcrm1200.pk> <C:\Users\HTSANG\AppData\Local\MiKTeX\fonts/pk/ljfour/vntex/vnr/
dpi600\vnbx12.pk> <C:\Users\HTSANG\AppData\Local\MiKTeX\fonts/pk/ljfour/vntex/v
nr/dpi720\vnbx12.pk> <C:\Users\HTSANG\AppData\Local\MiKTeX\fonts/pk/ljfour/vnte
x/vnr/dpi650\vnti12.pk> <C:\Users\HTSANG\AppData\Local\MiKTeX\fonts/pk/ljfour/v
ntex/vnr/dpi1200\vnti12.pk> <C:\Users\HTSANG\AppData\Local\MiKTeX\fonts/pk/ljfo
ur/vntex/vnr/dpi600\vnr10.pk> <C:\Users\HTSANG\AppData\Local\MiKTeX\fonts/pk/lj
four/vntex/vnr/dpi650\vnr12.pk> <C:\Users\HTSANG\AppData\Local\MiKTeX\fonts/pk/
ljfour/vntex/vnr/dpi650\vnbx12.pk> <C:\Users\HTSANG\AppData\Local\MiKTeX\fonts/
pk/ljfour/vntex/vnr/dpi864\vnbx12.pk> <C:\Users\HTSANG\AppData\Local\MiKTeX\fon
ts/pk/ljfour/vntex/vnr/dpi600\vnti10.pk> <C:\Users\HTSANG\AppData\Local\MiKTeX\
fonts/pk/ljfour/vntex/vnr/dpi950\vnbx12.pk> <C:\Users\HTSANG\AppData\Local\MiKT
eX\fonts/pk/ljfour/vntex/vnr/dpi900\vnbx12.pk> <C:\Users\HTSANG\AppData\Local\M
iKTeX\fonts/pk/ljfour/jknappen/ec/dpi600\tcrm1440.pk> <C:\Users\HTSANG\AppData\
Local\MiKTeX\fonts/pk/ljfour/vntex/vnr/dpi700\vnr12.pk> <C:\Users\HTSANG\AppDat
a\Local\MiKTeX\fonts/pk/ljfour/vntex/vnr/dpi565\vnr17.pk> <C:\Users\HTSANG\AppD
ata\Local\MiKTeX\fonts/pk/ljfour/vntex/vnr/dpi800\vnbx12.pk><C:/Program Files/M
iKTeX/fonts/type1/public/amsfonts/cm/cmex10.pfb><C:/Program Files/MiKTeX/fonts/
type1/public/amsfonts/cmextra/cmex9.pfb><C:/Program Files/MiKTeX/fonts/type1/pu
blic/amsfonts/cm/cmmi12.pfb><C:/Program Files/MiKTeX/fonts/type1/public/amsfont
s/cm/cmmi6.pfb><C:/Program Files/MiKTeX/fonts/type1/public/amsfonts/cm/cmmi9.pf
b><C:/Program Files/MiKTeX/fonts/type1/public/amsfonts/cm/cmr12.pfb><C:/Program
 Files/MiKTeX/fonts/type1/public/amsfonts/cm/cmr6.pfb><C:/Program Files/MiKTeX/
fonts/type1/public/amsfonts/cm/cmr9.pfb><C:/Program Files/MiKTeX/fonts/type1/pu
blic/amsfonts/cm/cmsy10.pfb><C:/Program Files/MiKTeX/fonts/type1/public/amsfont
s/cm/cmsy9.pfb>
Output written on lv_report.pdf (64 pages, 108834259 bytes).
PDF statistics:
 2063 PDF objects out of 2073 (max. 8388607)
 234 named destinations out of 1000 (max. 500000)
 878 words of extra memory for PDF output out of 10000 (max. 10000000)

